CRITICAL - 2023-05-23 13:00:06 --> Undefined property: stdClass::$umur_pasien
#0 C:\xampp\htdocs\revisi\app\Controllers\Back\Pasien.php(60): CodeIgniter\Debug\Exceptions->errorHandler(2, 'Undefined prope...', 'C:\\xampp\\htdocs...', 60)
#1 C:\xampp\htdocs\revisi\system\CodeIgniter.php(832): App\Controllers\back\Pasien->listdata()
#2 C:\xampp\htdocs\revisi\system\CodeIgniter.php(419): CodeIgniter\CodeIgniter->runController(Object(App\Controllers\back\Pasien))
#3 C:\xampp\htdocs\revisi\system\CodeIgniter.php(326): CodeIgniter\CodeIgniter->handleRequest(NULL, Object(Config\Cache), false)
#4 C:\xampp\htdocs\revisi\public\index.php(37): CodeIgniter\CodeIgniter->run()
#5 C:\xampp\htdocs\revisi\system\Commands\Server\rewrite.php(43): require_once('C:\\xampp\\htdocs...')
#6 {main}
CRITICAL - 2023-05-23 13:01:08 --> Undefined property: stdClass::$umur_pasien
#0 C:\xampp\htdocs\revisi\app\Controllers\Back\Pasien.php(60): CodeIgniter\Debug\Exceptions->errorHandler(2, 'Undefined prope...', 'C:\\xampp\\htdocs...', 60)
#1 C:\xampp\htdocs\revisi\system\CodeIgniter.php(832): App\Controllers\back\Pasien->listdata()
#2 C:\xampp\htdocs\revisi\system\CodeIgniter.php(419): CodeIgniter\CodeIgniter->runController(Object(App\Controllers\back\Pasien))
#3 C:\xampp\htdocs\revisi\system\CodeIgniter.php(326): CodeIgniter\CodeIgniter->handleRequest(NULL, Object(Config\Cache), false)
#4 C:\xampp\htdocs\revisi\public\index.php(37): CodeIgniter\CodeIgniter->run()
#5 C:\xampp\htdocs\revisi\system\Commands\Server\rewrite.php(43): require_once('C:\\xampp\\htdocs...')
#6 {main}
CRITICAL - 2023-05-23 13:30:30 --> Undefined array key "umur_pasien"
#0 C:\xampp\htdocs\revisi\app\Controllers\Back\Pasien.php(416): CodeIgniter\Debug\Exceptions->errorHandler(2, 'Undefined array...', 'C:\\xampp\\htdocs...', 416)
#1 C:\xampp\htdocs\revisi\system\CodeIgniter.php(832): App\Controllers\back\Pasien->detail('21')
#2 C:\xampp\htdocs\revisi\system\CodeIgniter.php(419): CodeIgniter\CodeIgniter->runController(Object(App\Controllers\back\Pasien))
#3 C:\xampp\htdocs\revisi\system\CodeIgniter.php(326): CodeIgniter\CodeIgniter->handleRequest(NULL, Object(Config\Cache), false)
#4 C:\xampp\htdocs\revisi\public\index.php(37): CodeIgniter\CodeIgniter->run()
#5 C:\xampp\htdocs\revisi\system\Commands\Server\rewrite.php(43): require_once('C:\\xampp\\htdocs...')
#6 {main}
CRITICAL - 2023-05-23 13:50:37 --> whereNotIn() expects $values to be of type array or closure
#0 C:\xampp\htdocs\revisi\system\Database\BaseBuilder.php(757): CodeIgniter\Database\BaseBuilder->_whereIn('icd10', '0', true, 'AND ', NULL)
#1 C:\xampp\htdocs\revisi\app\Models\Modeldatarm.php(26): CodeIgniter\Database\BaseBuilder->whereNotIn('icd10', '0')
#2 C:\xampp\htdocs\revisi\app\Controllers\Back\Rm.php(39): App\Models\Modeldatarm->__construct(Object(CodeIgniter\HTTP\IncomingRequest), '21')
#3 C:\xampp\htdocs\revisi\system\CodeIgniter.php(832): App\Controllers\back\Rm->listdata('21')
#4 C:\xampp\htdocs\revisi\system\CodeIgniter.php(419): CodeIgniter\CodeIgniter->runController(Object(App\Controllers\back\Rm))
#5 C:\xampp\htdocs\revisi\system\CodeIgniter.php(326): CodeIgniter\CodeIgniter->handleRequest(NULL, Object(Config\Cache), false)
#6 C:\xampp\htdocs\revisi\public\index.php(37): CodeIgniter\CodeIgniter->run()
#7 C:\xampp\htdocs\revisi\system\Commands\Server\rewrite.php(43): require_once('C:\\xampp\\htdocs...')
#8 {main}
ERROR - 2023-05-23 13:55:46 --> Cannot add or update a child row: a foreign key constraint fails (`revisi`.`tbl_rekam_medis`, CONSTRAINT `tbl_rekam_medis_ibfk_5` FOREIGN KEY (`icd10`) REFERENCES `tbl_icd10` (`id_icd10`) ON DELETE CASCADE ON UPDATE CASCADE)
CRITICAL - 2023-05-23 13:55:46 --> Cannot add or update a child row: a foreign key constraint fails (`revisi`.`tbl_rekam_medis`, CONSTRAINT `tbl_rekam_medis_ibfk_5` FOREIGN KEY (`icd10`) REFERENCES `tbl_icd10` (`id_icd10`) ON DELETE CASCADE ON UPDATE CASCADE)
#0 C:\xampp\htdocs\revisi\system\Database\MySQLi\Connection.php(292): mysqli->query('INSERT INTO `tb...', 0)
#1 C:\xampp\htdocs\revisi\system\Database\BaseConnection.php(670): CodeIgniter\Database\MySQLi\Connection->execute('INSERT INTO `tb...')
#2 C:\xampp\htdocs\revisi\system\Database\BaseConnection.php(598): CodeIgniter\Database\BaseConnection->simpleQuery('INSERT INTO `tb...')
#3 C:\xampp\htdocs\revisi\system\Database\BaseBuilder.php(1771): CodeIgniter\Database\BaseConnection->query('INSERT INTO `tb...', Array, false)
#4 C:\xampp\htdocs\revisi\system\Model.php(239): CodeIgniter\Database\BaseBuilder->insert()
#5 C:\xampp\htdocs\revisi\system\BaseModel.php(738): CodeIgniter\Model->doInsert(Array)
#6 C:\xampp\htdocs\revisi\system\Model.php(625): CodeIgniter\BaseModel->insert(Array, true)
#7 C:\xampp\htdocs\revisi\app\Controllers\Back\Rm.php(203): CodeIgniter\Model->insert(Array)
#8 C:\xampp\htdocs\revisi\system\CodeIgniter.php(832): App\Controllers\back\Rm->simpandata()
#9 C:\xampp\htdocs\revisi\system\CodeIgniter.php(419): CodeIgniter\CodeIgniter->runController(Object(App\Controllers\back\Rm))
#10 C:\xampp\htdocs\revisi\system\CodeIgniter.php(326): CodeIgniter\CodeIgniter->handleRequest(NULL, Object(Config\Cache), false)
#11 C:\xampp\htdocs\revisi\public\index.php(37): CodeIgniter\CodeIgniter->run()
#12 C:\xampp\htdocs\revisi\system\Commands\Server\rewrite.php(43): require_once('C:\\xampp\\htdocs...')
#13 {main}
ERROR - 2023-05-23 13:58:02 --> Unknown column 'assesmen' in 'where clause'
CRITICAL - 2023-05-23 13:58:02 --> Unknown column 'assesmen' in 'where clause'
#0 C:\xampp\htdocs\revisi\system\Database\MySQLi\Connection.php(292): mysqli->query('SELECT *\nFROM `...', 0)
#1 C:\xampp\htdocs\revisi\system\Database\BaseConnection.php(670): CodeIgniter\Database\MySQLi\Connection->execute('SELECT *\nFROM `...')
#2 C:\xampp\htdocs\revisi\system\Database\BaseConnection.php(598): CodeIgniter\Database\BaseConnection->simpleQuery('SELECT *\nFROM `...')
#3 C:\xampp\htdocs\revisi\system\Database\BaseBuilder.php(1455): CodeIgniter\Database\BaseConnection->query('SELECT *\nFROM `...', Array, false)
#4 C:\xampp\htdocs\revisi\app\Models\Modeldataberobatt.php(61): CodeIgniter\Database\BaseBuilder->get()
#5 C:\xampp\htdocs\revisi\app\Controllers\Back\Berobat.php(105): App\Models\Modeldataberobatt->get_datatables()
#6 C:\xampp\htdocs\revisi\system\CodeIgniter.php(832): App\Controllers\back\Berobat->listdataa()
#7 C:\xampp\htdocs\revisi\system\CodeIgniter.php(419): CodeIgniter\CodeIgniter->runController(Object(App\Controllers\back\Berobat))
#8 C:\xampp\htdocs\revisi\system\CodeIgniter.php(326): CodeIgniter\CodeIgniter->handleRequest(NULL, Object(Config\Cache), false)
#9 C:\xampp\htdocs\revisi\public\index.php(37): CodeIgniter\CodeIgniter->run()
#10 C:\xampp\htdocs\revisi\system\Commands\Server\rewrite.php(43): require_once('C:\\xampp\\htdocs...')
#11 {main}
ERROR - 2023-05-23 14:00:45 --> Unknown column 'assesmen' in 'where clause'
CRITICAL - 2023-05-23 14:00:45 --> Unknown column 'assesmen' in 'where clause'
#0 C:\xampp\htdocs\revisi\system\Database\MySQLi\Connection.php(292): mysqli->query('SELECT *\nFROM `...', 0)
#1 C:\xampp\htdocs\revisi\system\Database\BaseConnection.php(670): CodeIgniter\Database\MySQLi\Connection->execute('SELECT *\nFROM `...')
#2 C:\xampp\htdocs\revisi\system\Database\BaseConnection.php(598): CodeIgniter\Database\BaseConnection->simpleQuery('SELECT *\nFROM `...')
#3 C:\xampp\htdocs\revisi\system\Database\BaseBuilder.php(1455): CodeIgniter\Database\BaseConnection->query('SELECT *\nFROM `...', Array, false)
#4 C:\xampp\htdocs\revisi\app\Models\Modeldataberobatt.php(61): CodeIgniter\Database\BaseBuilder->get()
#5 C:\xampp\htdocs\revisi\app\Controllers\Back\Berobat.php(105): App\Models\Modeldataberobatt->get_datatables()
#6 C:\xampp\htdocs\revisi\system\CodeIgniter.php(832): App\Controllers\back\Berobat->listdataa()
#7 C:\xampp\htdocs\revisi\system\CodeIgniter.php(419): CodeIgniter\CodeIgniter->runController(Object(App\Controllers\back\Berobat))
#8 C:\xampp\htdocs\revisi\system\CodeIgniter.php(326): CodeIgniter\CodeIgniter->handleRequest(NULL, Object(Config\Cache), false)
#9 C:\xampp\htdocs\revisi\public\index.php(37): CodeIgniter\CodeIgniter->run()
#10 C:\xampp\htdocs\revisi\system\Commands\Server\rewrite.php(43): require_once('C:\\xampp\\htdocs...')
#11 {main}
ERROR - 2023-05-23 14:01:13 --> Unknown column 'assesmen' in 'where clause'
CRITICAL - 2023-05-23 14:01:13 --> Unknown column 'assesmen' in 'where clause'
#0 C:\xampp\htdocs\revisi\system\Database\MySQLi\Connection.php(292): mysqli->query('SELECT *\nFROM `...', 0)
#1 C:\xampp\htdocs\revisi\system\Database\BaseConnection.php(670): CodeIgniter\Database\MySQLi\Connection->execute('SELECT *\nFROM `...')
#2 C:\xampp\htdocs\revisi\system\Database\BaseConnection.php(598): CodeIgniter\Database\BaseConnection->simpleQuery('SELECT *\nFROM `...')
#3 C:\xampp\htdocs\revisi\system\Database\BaseBuilder.php(1455): CodeIgniter\Database\BaseConnection->query('SELECT *\nFROM `...', Array, false)
#4 C:\xampp\htdocs\revisi\app\Models\Modeldataberobatt.php(61): CodeIgniter\Database\BaseBuilder->get()
#5 C:\xampp\htdocs\revisi\app\Controllers\Back\Berobat.php(105): App\Models\Modeldataberobatt->get_datatables()
#6 C:\xampp\htdocs\revisi\system\CodeIgniter.php(832): App\Controllers\back\Berobat->listdataa()
#7 C:\xampp\htdocs\revisi\system\CodeIgniter.php(419): CodeIgniter\CodeIgniter->runController(Object(App\Controllers\back\Berobat))
#8 C:\xampp\htdocs\revisi\system\CodeIgniter.php(326): CodeIgniter\CodeIgniter->handleRequest(NULL, Object(Config\Cache), false)
#9 C:\xampp\htdocs\revisi\public\index.php(37): CodeIgniter\CodeIgniter->run()
#10 C:\xampp\htdocs\revisi\system\Commands\Server\rewrite.php(43): require_once('C:\\xampp\\htdocs...')
#11 {main}
CRITICAL - 2023-05-23 14:09:45 --> Undefined property: stdClass::$diagnosa
#0 C:\xampp\htdocs\revisi\app\Views\Page\Berobat\modaledit.php(92): CodeIgniter\Debug\Exceptions->errorHandler(2, 'Undefined prope...', 'C:\\xampp\\htdocs...', 92)
#1 C:\xampp\htdocs\revisi\system\View\View.php(210): include('C:\\xampp\\htdocs...')
#2 C:\xampp\htdocs\revisi\system\View\View.php(213): CodeIgniter\View\View->CodeIgniter\View\{closure}()
#3 C:\xampp\htdocs\revisi\system\Common.php(1089): CodeIgniter\View\View->render('Page/Berobat/mo...', Array, true)
#4 C:\xampp\htdocs\revisi\app\Controllers\Back\Berobat.php(159): view('Page/Berobat/mo...', Array)
#5 C:\xampp\htdocs\revisi\system\CodeIgniter.php(832): App\Controllers\back\Berobat->formedit()
#6 C:\xampp\htdocs\revisi\system\CodeIgniter.php(419): CodeIgniter\CodeIgniter->runController(Object(App\Controllers\back\Berobat))
#7 C:\xampp\htdocs\revisi\system\CodeIgniter.php(326): CodeIgniter\CodeIgniter->handleRequest(NULL, Object(Config\Cache), false)
#8 C:\xampp\htdocs\revisi\public\index.php(37): CodeIgniter\CodeIgniter->run()
#9 C:\xampp\htdocs\revisi\system\Commands\Server\rewrite.php(43): require_once('C:\\xampp\\htdocs...')
#10 {main}
CRITICAL - 2023-05-23 14:10:22 --> Undefined property: stdClass::$diagnosa
#0 C:\xampp\htdocs\revisi\app\Views\Page\Berobat\modaledit.php(92): CodeIgniter\Debug\Exceptions->errorHandler(2, 'Undefined prope...', 'C:\\xampp\\htdocs...', 92)
#1 C:\xampp\htdocs\revisi\system\View\View.php(210): include('C:\\xampp\\htdocs...')
#2 C:\xampp\htdocs\revisi\system\View\View.php(213): CodeIgniter\View\View->CodeIgniter\View\{closure}()
#3 C:\xampp\htdocs\revisi\system\Common.php(1089): CodeIgniter\View\View->render('Page/Berobat/mo...', Array, true)
#4 C:\xampp\htdocs\revisi\app\Controllers\Back\Berobat.php(159): view('Page/Berobat/mo...', Array)
#5 C:\xampp\htdocs\revisi\system\CodeIgniter.php(832): App\Controllers\back\Berobat->formedit()
#6 C:\xampp\htdocs\revisi\system\CodeIgniter.php(419): CodeIgniter\CodeIgniter->runController(Object(App\Controllers\back\Berobat))
#7 C:\xampp\htdocs\revisi\system\CodeIgniter.php(326): CodeIgniter\CodeIgniter->handleRequest(NULL, Object(Config\Cache), false)
#8 C:\xampp\htdocs\revisi\public\index.php(37): CodeIgniter\CodeIgniter->run()
#9 C:\xampp\htdocs\revisi\system\Commands\Server\rewrite.php(43): require_once('C:\\xampp\\htdocs...')
#10 {main}
CRITICAL - 2023-05-23 14:12:06 --> Undefined property: stdClass::$diagnosa
#0 C:\xampp\htdocs\revisi\app\Views\Page\Berobat\modaledit.php(88): CodeIgniter\Debug\Exceptions->errorHandler(2, 'Undefined prope...', 'C:\\xampp\\htdocs...', 88)
#1 C:\xampp\htdocs\revisi\system\View\View.php(210): include('C:\\xampp\\htdocs...')
#2 C:\xampp\htdocs\revisi\system\View\View.php(213): CodeIgniter\View\View->CodeIgniter\View\{closure}()
#3 C:\xampp\htdocs\revisi\system\Common.php(1089): CodeIgniter\View\View->render('Page/Berobat/mo...', Array, true)
#4 C:\xampp\htdocs\revisi\app\Controllers\Back\Berobat.php(159): view('Page/Berobat/mo...', Array)
#5 C:\xampp\htdocs\revisi\system\CodeIgniter.php(832): App\Controllers\back\Berobat->formedit()
#6 C:\xampp\htdocs\revisi\system\CodeIgniter.php(419): CodeIgniter\CodeIgniter->runController(Object(App\Controllers\back\Berobat))
#7 C:\xampp\htdocs\revisi\system\CodeIgniter.php(326): CodeIgniter\CodeIgniter->handleRequest(NULL, Object(Config\Cache), false)
#8 C:\xampp\htdocs\revisi\public\index.php(37): CodeIgniter\CodeIgniter->run()
#9 C:\xampp\htdocs\revisi\system\Commands\Server\rewrite.php(43): require_once('C:\\xampp\\htdocs...')
#10 {main}
CRITICAL - 2023-05-23 14:12:54 --> Undefined property: stdClass::$diagnosa
#0 C:\xampp\htdocs\revisi\app\Views\Page\Berobat\modaledit.php(88): CodeIgniter\Debug\Exceptions->errorHandler(2, 'Undefined prope...', 'C:\\xampp\\htdocs...', 88)
#1 C:\xampp\htdocs\revisi\system\View\View.php(210): include('C:\\xampp\\htdocs...')
#2 C:\xampp\htdocs\revisi\system\View\View.php(213): CodeIgniter\View\View->CodeIgniter\View\{closure}()
#3 C:\xampp\htdocs\revisi\system\Common.php(1089): CodeIgniter\View\View->render('Page/Berobat/mo...', Array, true)
#4 C:\xampp\htdocs\revisi\app\Controllers\Back\Berobat.php(159): view('Page/Berobat/mo...', Array)
#5 C:\xampp\htdocs\revisi\system\CodeIgniter.php(832): App\Controllers\back\Berobat->formedit()
#6 C:\xampp\htdocs\revisi\system\CodeIgniter.php(419): CodeIgniter\CodeIgniter->runController(Object(App\Controllers\back\Berobat))
#7 C:\xampp\htdocs\revisi\system\CodeIgniter.php(326): CodeIgniter\CodeIgniter->handleRequest(NULL, Object(Config\Cache), false)
#8 C:\xampp\htdocs\revisi\public\index.php(37): CodeIgniter\CodeIgniter->run()
#9 C:\xampp\htdocs\revisi\system\Commands\Server\rewrite.php(43): require_once('C:\\xampp\\htdocs...')
#10 {main}
CRITICAL - 2023-05-23 14:15:02 --> Undefined property: stdClass::$diagnosa
#0 C:\xampp\htdocs\revisi\app\Views\Page\Berobat\modaledit.php(88): CodeIgniter\Debug\Exceptions->errorHandler(2, 'Undefined prope...', 'C:\\xampp\\htdocs...', 88)
#1 C:\xampp\htdocs\revisi\system\View\View.php(210): include('C:\\xampp\\htdocs...')
#2 C:\xampp\htdocs\revisi\system\View\View.php(213): CodeIgniter\View\View->CodeIgniter\View\{closure}()
#3 C:\xampp\htdocs\revisi\system\Common.php(1089): CodeIgniter\View\View->render('Page/Berobat/mo...', Array, true)
#4 C:\xampp\htdocs\revisi\app\Controllers\Back\Berobat.php(159): view('Page/Berobat/mo...', Array)
#5 C:\xampp\htdocs\revisi\system\CodeIgniter.php(832): App\Controllers\back\Berobat->formedit()
#6 C:\xampp\htdocs\revisi\system\CodeIgniter.php(419): CodeIgniter\CodeIgniter->runController(Object(App\Controllers\back\Berobat))
#7 C:\xampp\htdocs\revisi\system\CodeIgniter.php(326): CodeIgniter\CodeIgniter->handleRequest(NULL, Object(Config\Cache), false)
#8 C:\xampp\htdocs\revisi\public\index.php(37): CodeIgniter\CodeIgniter->run()
#9 C:\xampp\htdocs\revisi\system\Commands\Server\rewrite.php(43): require_once('C:\\xampp\\htdocs...')
#10 {main}
CRITICAL - 2023-05-23 14:15:28 --> Undefined property: stdClass::$diagnosa
#0 C:\xampp\htdocs\revisi\app\Views\Page\Berobat\modaledit.php(87): CodeIgniter\Debug\Exceptions->errorHandler(2, 'Undefined prope...', 'C:\\xampp\\htdocs...', 87)
#1 C:\xampp\htdocs\revisi\system\View\View.php(210): include('C:\\xampp\\htdocs...')
#2 C:\xampp\htdocs\revisi\system\View\View.php(213): CodeIgniter\View\View->CodeIgniter\View\{closure}()
#3 C:\xampp\htdocs\revisi\system\Common.php(1089): CodeIgniter\View\View->render('Page/Berobat/mo...', Array, true)
#4 C:\xampp\htdocs\revisi\app\Controllers\Back\Berobat.php(159): view('Page/Berobat/mo...', Array)
#5 C:\xampp\htdocs\revisi\system\CodeIgniter.php(832): App\Controllers\back\Berobat->formedit()
#6 C:\xampp\htdocs\revisi\system\CodeIgniter.php(419): CodeIgniter\CodeIgniter->runController(Object(App\Controllers\back\Berobat))
#7 C:\xampp\htdocs\revisi\system\CodeIgniter.php(326): CodeIgniter\CodeIgniter->handleRequest(NULL, Object(Config\Cache), false)
#8 C:\xampp\htdocs\revisi\public\index.php(37): CodeIgniter\CodeIgniter->run()
#9 C:\xampp\htdocs\revisi\system\Commands\Server\rewrite.php(43): require_once('C:\\xampp\\htdocs...')
#10 {main}
CRITICAL - 2023-05-23 14:15:54 --> Undefined property: stdClass::$diagnosa
#0 C:\xampp\htdocs\revisi\app\Views\Page\Berobat\modaledit.php(87): CodeIgniter\Debug\Exceptions->errorHandler(2, 'Undefined prope...', 'C:\\xampp\\htdocs...', 87)
#1 C:\xampp\htdocs\revisi\system\View\View.php(210): include('C:\\xampp\\htdocs...')
#2 C:\xampp\htdocs\revisi\system\View\View.php(213): CodeIgniter\View\View->CodeIgniter\View\{closure}()
#3 C:\xampp\htdocs\revisi\system\Common.php(1089): CodeIgniter\View\View->render('Page/Berobat/mo...', Array, true)
#4 C:\xampp\htdocs\revisi\app\Controllers\Back\Berobat.php(159): view('Page/Berobat/mo...', Array)
#5 C:\xampp\htdocs\revisi\system\CodeIgniter.php(832): App\Controllers\back\Berobat->formedit()
#6 C:\xampp\htdocs\revisi\system\CodeIgniter.php(419): CodeIgniter\CodeIgniter->runController(Object(App\Controllers\back\Berobat))
#7 C:\xampp\htdocs\revisi\system\CodeIgniter.php(326): CodeIgniter\CodeIgniter->handleRequest(NULL, Object(Config\Cache), false)
#8 C:\xampp\htdocs\revisi\public\index.php(37): CodeIgniter\CodeIgniter->run()
#9 C:\xampp\htdocs\revisi\system\Commands\Server\rewrite.php(43): require_once('C:\\xampp\\htdocs...')
#10 {main}
