CRITICAL - 2023-05-24 07:04:43 --> Attempt to read property "kode" on null
#0 C:\xampp\htdocs\revisi\app\Views\Page\Beranda.php(196): CodeIgniter\Debug\Exceptions->errorHandler(2, 'Attempt to read...', 'C:\\xampp\\htdocs...', 196)
#1 C:\xampp\htdocs\revisi\system\View\View.php(210): include('C:\\xampp\\htdocs...')
#2 C:\xampp\htdocs\revisi\system\View\View.php(213): CodeIgniter\View\View->CodeIgniter\View\{closure}()
#3 C:\xampp\htdocs\revisi\system\Common.php(1089): CodeIgniter\View\View->render('Page/Beranda', Array, true)
#4 C:\xampp\htdocs\revisi\app\Controllers\Homepage.php(21): view('Page/Beranda', Array)
#5 C:\xampp\htdocs\revisi\system\CodeIgniter.php(832): App\Controllers\Homepage->index()
#6 C:\xampp\htdocs\revisi\system\CodeIgniter.php(419): CodeIgniter\CodeIgniter->runController(Object(App\Controllers\Homepage))
#7 C:\xampp\htdocs\revisi\system\CodeIgniter.php(326): CodeIgniter\CodeIgniter->handleRequest(NULL, Object(Config\Cache), false)
#8 C:\xampp\htdocs\revisi\public\index.php(37): CodeIgniter\CodeIgniter->run()
#9 C:\xampp\htdocs\revisi\system\Commands\Server\rewrite.php(43): require_once('C:\\xampp\\htdocs...')
#10 {main}
ERROR - 2023-05-24 07:06:08 --> You have an error in your SQL syntax; check the manual that corresponds to your MariaDB server version for the right syntax to use near 'WHERE icd10 NOT NULL' at line 1
CRITICAL - 2023-05-24 07:06:08 --> You have an error in your SQL syntax; check the manual that corresponds to your MariaDB server version for the right syntax to use near 'WHERE icd10 NOT NULL' at line 1
#0 C:\xampp\htdocs\revisi\system\Database\MySQLi\Connection.php(292): mysqli->query('SELECT *, COUNT...', 0)
#1 C:\xampp\htdocs\revisi\system\Database\BaseConnection.php(670): CodeIgniter\Database\MySQLi\Connection->execute('SELECT *, COUNT...')
#2 C:\xampp\htdocs\revisi\system\Database\BaseConnection.php(598): CodeIgniter\Database\BaseConnection->simpleQuery('SELECT *, COUNT...')
#3 C:\xampp\htdocs\revisi\app\Views\Page\Beranda.php(183): CodeIgniter\Database\BaseConnection->query('SELECT *, COUNT...')
#4 C:\xampp\htdocs\revisi\system\View\View.php(210): include('C:\\xampp\\htdocs...')
#5 C:\xampp\htdocs\revisi\system\View\View.php(213): CodeIgniter\View\View->CodeIgniter\View\{closure}()
#6 C:\xampp\htdocs\revisi\system\Common.php(1089): CodeIgniter\View\View->render('Page/Beranda', Array, true)
#7 C:\xampp\htdocs\revisi\app\Controllers\Homepage.php(21): view('Page/Beranda', Array)
#8 C:\xampp\htdocs\revisi\system\CodeIgniter.php(832): App\Controllers\Homepage->index()
#9 C:\xampp\htdocs\revisi\system\CodeIgniter.php(419): CodeIgniter\CodeIgniter->runController(Object(App\Controllers\Homepage))
#10 C:\xampp\htdocs\revisi\system\CodeIgniter.php(326): CodeIgniter\CodeIgniter->handleRequest(NULL, Object(Config\Cache), false)
#11 C:\xampp\htdocs\revisi\public\index.php(37): CodeIgniter\CodeIgniter->run()
#12 C:\xampp\htdocs\revisi\system\Commands\Server\rewrite.php(43): require_once('C:\\xampp\\htdocs...')
#13 {main}
ERROR - 2023-05-24 07:06:28 --> You have an error in your SQL syntax; check the manual that corresponds to your MariaDB server version for the right syntax to use near 'WHERE icd10= NOT NULL' at line 1
CRITICAL - 2023-05-24 07:06:28 --> You have an error in your SQL syntax; check the manual that corresponds to your MariaDB server version for the right syntax to use near 'WHERE icd10= NOT NULL' at line 1
#0 C:\xampp\htdocs\revisi\system\Database\MySQLi\Connection.php(292): mysqli->query('SELECT *, COUNT...', 0)
#1 C:\xampp\htdocs\revisi\system\Database\BaseConnection.php(670): CodeIgniter\Database\MySQLi\Connection->execute('SELECT *, COUNT...')
#2 C:\xampp\htdocs\revisi\system\Database\BaseConnection.php(598): CodeIgniter\Database\BaseConnection->simpleQuery('SELECT *, COUNT...')
#3 C:\xampp\htdocs\revisi\app\Views\Page\Beranda.php(183): CodeIgniter\Database\BaseConnection->query('SELECT *, COUNT...')
#4 C:\xampp\htdocs\revisi\system\View\View.php(210): include('C:\\xampp\\htdocs...')
#5 C:\xampp\htdocs\revisi\system\View\View.php(213): CodeIgniter\View\View->CodeIgniter\View\{closure}()
#6 C:\xampp\htdocs\revisi\system\Common.php(1089): CodeIgniter\View\View->render('Page/Beranda', Array, true)
#7 C:\xampp\htdocs\revisi\app\Controllers\Homepage.php(21): view('Page/Beranda', Array)
#8 C:\xampp\htdocs\revisi\system\CodeIgniter.php(832): App\Controllers\Homepage->index()
#9 C:\xampp\htdocs\revisi\system\CodeIgniter.php(419): CodeIgniter\CodeIgniter->runController(Object(App\Controllers\Homepage))
#10 C:\xampp\htdocs\revisi\system\CodeIgniter.php(326): CodeIgniter\CodeIgniter->handleRequest(NULL, Object(Config\Cache), false)
#11 C:\xampp\htdocs\revisi\public\index.php(37): CodeIgniter\CodeIgniter->run()
#12 C:\xampp\htdocs\revisi\system\Commands\Server\rewrite.php(43): require_once('C:\\xampp\\htdocs...')
#13 {main}
ERROR - 2023-05-24 07:07:19 --> You have an error in your SQL syntax; check the manual that corresponds to your MariaDB server version for the right syntax to use near 'WHERE icd10 IS NOT NULL' at line 1
CRITICAL - 2023-05-24 07:07:19 --> You have an error in your SQL syntax; check the manual that corresponds to your MariaDB server version for the right syntax to use near 'WHERE icd10 IS NOT NULL' at line 1
#0 C:\xampp\htdocs\revisi\system\Database\MySQLi\Connection.php(292): mysqli->query('SELECT *, COUNT...', 0)
#1 C:\xampp\htdocs\revisi\system\Database\BaseConnection.php(670): CodeIgniter\Database\MySQLi\Connection->execute('SELECT *, COUNT...')
#2 C:\xampp\htdocs\revisi\system\Database\BaseConnection.php(598): CodeIgniter\Database\BaseConnection->simpleQuery('SELECT *, COUNT...')
#3 C:\xampp\htdocs\revisi\app\Views\Page\Beranda.php(183): CodeIgniter\Database\BaseConnection->query('SELECT *, COUNT...')
#4 C:\xampp\htdocs\revisi\system\View\View.php(210): include('C:\\xampp\\htdocs...')
#5 C:\xampp\htdocs\revisi\system\View\View.php(213): CodeIgniter\View\View->CodeIgniter\View\{closure}()
#6 C:\xampp\htdocs\revisi\system\Common.php(1089): CodeIgniter\View\View->render('Page/Beranda', Array, true)
#7 C:\xampp\htdocs\revisi\app\Controllers\Homepage.php(21): view('Page/Beranda', Array)
#8 C:\xampp\htdocs\revisi\system\CodeIgniter.php(832): App\Controllers\Homepage->index()
#9 C:\xampp\htdocs\revisi\system\CodeIgniter.php(419): CodeIgniter\CodeIgniter->runController(Object(App\Controllers\Homepage))
#10 C:\xampp\htdocs\revisi\system\CodeIgniter.php(326): CodeIgniter\CodeIgniter->handleRequest(NULL, Object(Config\Cache), false)
#11 C:\xampp\htdocs\revisi\public\index.php(37): CodeIgniter\CodeIgniter->run()
#12 C:\xampp\htdocs\revisi\system\Commands\Server\rewrite.php(43): require_once('C:\\xampp\\htdocs...')
#13 {main}
ERROR - 2023-05-24 07:11:07 --> You have an error in your SQL syntax; check the manual that corresponds to your MariaDB server version for the right syntax to use near 'WHERE month(waktu)='05' GROUP BY icd10 ORDER BY COUNT(icd10) DESC LIMIT 0,10' at line 1
CRITICAL - 2023-05-24 07:11:07 --> You have an error in your SQL syntax; check the manual that corresponds to your MariaDB server version for the right syntax to use near 'WHERE month(waktu)='05' GROUP BY icd10 ORDER BY COUNT(icd10) DESC LIMIT 0,10' at line 1
#0 C:\xampp\htdocs\revisi\system\Database\MySQLi\Connection.php(292): mysqli->query('SELECT *, COUNT...', 0)
#1 C:\xampp\htdocs\revisi\system\Database\BaseConnection.php(670): CodeIgniter\Database\MySQLi\Connection->execute('SELECT *, COUNT...')
#2 C:\xampp\htdocs\revisi\system\Database\BaseConnection.php(598): CodeIgniter\Database\BaseConnection->simpleQuery('SELECT *, COUNT...')
#3 C:\xampp\htdocs\revisi\app\Views\Page\Beranda.php(185): CodeIgniter\Database\BaseConnection->query('SELECT *, COUNT...')
#4 C:\xampp\htdocs\revisi\system\View\View.php(210): include('C:\\xampp\\htdocs...')
#5 C:\xampp\htdocs\revisi\system\View\View.php(213): CodeIgniter\View\View->CodeIgniter\View\{closure}()
#6 C:\xampp\htdocs\revisi\system\Common.php(1089): CodeIgniter\View\View->render('Page/Beranda', Array, true)
#7 C:\xampp\htdocs\revisi\app\Controllers\Homepage.php(21): view('Page/Beranda', Array)
#8 C:\xampp\htdocs\revisi\system\CodeIgniter.php(832): App\Controllers\Homepage->index()
#9 C:\xampp\htdocs\revisi\system\CodeIgniter.php(419): CodeIgniter\CodeIgniter->runController(Object(App\Controllers\Homepage))
#10 C:\xampp\htdocs\revisi\system\CodeIgniter.php(326): CodeIgniter\CodeIgniter->handleRequest(NULL, Object(Config\Cache), false)
#11 C:\xampp\htdocs\revisi\public\index.php(37): CodeIgniter\CodeIgniter->run()
#12 C:\xampp\htdocs\revisi\system\Commands\Server\rewrite.php(43): require_once('C:\\xampp\\htdocs...')
#13 {main}
ERROR - 2023-05-24 07:11:45 --> You have an error in your SQL syntax; check the manual that corresponds to your MariaDB server version for the right syntax to use near ' AND WHERE month(waktu)='05' GROUP BY icd10 ORDER BY COUNT(icd10) DESC LIMIT ...' at line 1
CRITICAL - 2023-05-24 07:11:45 --> You have an error in your SQL syntax; check the manual that corresponds to your MariaDB server version for the right syntax to use near ' AND WHERE month(waktu)='05' GROUP BY icd10 ORDER BY COUNT(icd10) DESC LIMIT ...' at line 1
#0 C:\xampp\htdocs\revisi\system\Database\MySQLi\Connection.php(292): mysqli->query('SELECT *, COUNT...', 0)
#1 C:\xampp\htdocs\revisi\system\Database\BaseConnection.php(670): CodeIgniter\Database\MySQLi\Connection->execute('SELECT *, COUNT...')
#2 C:\xampp\htdocs\revisi\system\Database\BaseConnection.php(598): CodeIgniter\Database\BaseConnection->simpleQuery('SELECT *, COUNT...')
#3 C:\xampp\htdocs\revisi\app\Views\Page\Beranda.php(185): CodeIgniter\Database\BaseConnection->query('SELECT *, COUNT...')
#4 C:\xampp\htdocs\revisi\system\View\View.php(210): include('C:\\xampp\\htdocs...')
#5 C:\xampp\htdocs\revisi\system\View\View.php(213): CodeIgniter\View\View->CodeIgniter\View\{closure}()
#6 C:\xampp\htdocs\revisi\system\Common.php(1089): CodeIgniter\View\View->render('Page/Beranda', Array, true)
#7 C:\xampp\htdocs\revisi\app\Controllers\Homepage.php(21): view('Page/Beranda', Array)
#8 C:\xampp\htdocs\revisi\system\CodeIgniter.php(832): App\Controllers\Homepage->index()
#9 C:\xampp\htdocs\revisi\system\CodeIgniter.php(419): CodeIgniter\CodeIgniter->runController(Object(App\Controllers\Homepage))
#10 C:\xampp\htdocs\revisi\system\CodeIgniter.php(326): CodeIgniter\CodeIgniter->handleRequest(NULL, Object(Config\Cache), false)
#11 C:\xampp\htdocs\revisi\public\index.php(37): CodeIgniter\CodeIgniter->run()
#12 C:\xampp\htdocs\revisi\system\Commands\Server\rewrite.php(43): require_once('C:\\xampp\\htdocs...')
#13 {main}
ERROR - 2023-05-24 07:12:20 --> You have an error in your SQL syntax; check the manual that corresponds to your MariaDB server version for the right syntax to use near 'WHERE month(waktu)='05' GROUP BY icd10 ORDER BY COUNT(icd10) DESC LIMIT 0,10' at line 1
CRITICAL - 2023-05-24 07:12:20 --> You have an error in your SQL syntax; check the manual that corresponds to your MariaDB server version for the right syntax to use near 'WHERE month(waktu)='05' GROUP BY icd10 ORDER BY COUNT(icd10) DESC LIMIT 0,10' at line 1
#0 C:\xampp\htdocs\revisi\system\Database\MySQLi\Connection.php(292): mysqli->query('SELECT *, COUNT...', 0)
#1 C:\xampp\htdocs\revisi\system\Database\BaseConnection.php(670): CodeIgniter\Database\MySQLi\Connection->execute('SELECT *, COUNT...')
#2 C:\xampp\htdocs\revisi\system\Database\BaseConnection.php(598): CodeIgniter\Database\BaseConnection->simpleQuery('SELECT *, COUNT...')
#3 C:\xampp\htdocs\revisi\app\Views\Page\Beranda.php(185): CodeIgniter\Database\BaseConnection->query('SELECT *, COUNT...')
#4 C:\xampp\htdocs\revisi\system\View\View.php(210): include('C:\\xampp\\htdocs...')
#5 C:\xampp\htdocs\revisi\system\View\View.php(213): CodeIgniter\View\View->CodeIgniter\View\{closure}()
#6 C:\xampp\htdocs\revisi\system\Common.php(1089): CodeIgniter\View\View->render('Page/Beranda', Array, true)
#7 C:\xampp\htdocs\revisi\app\Controllers\Homepage.php(21): view('Page/Beranda', Array)
#8 C:\xampp\htdocs\revisi\system\CodeIgniter.php(832): App\Controllers\Homepage->index()
#9 C:\xampp\htdocs\revisi\system\CodeIgniter.php(419): CodeIgniter\CodeIgniter->runController(Object(App\Controllers\Homepage))
#10 C:\xampp\htdocs\revisi\system\CodeIgniter.php(326): CodeIgniter\CodeIgniter->handleRequest(NULL, Object(Config\Cache), false)
#11 C:\xampp\htdocs\revisi\public\index.php(37): CodeIgniter\CodeIgniter->run()
#12 C:\xampp\htdocs\revisi\system\Commands\Server\rewrite.php(43): require_once('C:\\xampp\\htdocs...')
#13 {main}
ERROR - 2023-05-24 18:59:15 --> Unknown column 'assesmen' in 'where clause'
CRITICAL - 2023-05-24 18:59:15 --> Unknown column 'assesmen' in 'where clause'
#0 C:\xampp\htdocs\revisi\system\Database\MySQLi\Connection.php(292): mysqli->query('SELECT COUNT(*)...', 0)
#1 C:\xampp\htdocs\revisi\system\Database\BaseConnection.php(670): CodeIgniter\Database\MySQLi\Connection->execute('SELECT COUNT(*)...')
#2 C:\xampp\htdocs\revisi\system\Database\BaseConnection.php(598): CodeIgniter\Database\BaseConnection->simpleQuery('SELECT COUNT(*)...')
#3 C:\xampp\htdocs\revisi\system\Database\BaseBuilder.php(1539): CodeIgniter\Database\BaseConnection->query('SELECT COUNT(*)...', Array, false)
#4 C:\xampp\htdocs\revisi\app\Views\Page\Beranda.php(233): CodeIgniter\Database\BaseBuilder->countAllResults()
#5 C:\xampp\htdocs\revisi\system\View\View.php(210): include('C:\\xampp\\htdocs...')
#6 C:\xampp\htdocs\revisi\system\View\View.php(213): CodeIgniter\View\View->CodeIgniter\View\{closure}()
#7 C:\xampp\htdocs\revisi\system\Common.php(1089): CodeIgniter\View\View->render('Page/Beranda', Array, true)
#8 C:\xampp\htdocs\revisi\app\Controllers\Homepage.php(21): view('Page/Beranda', Array)
#9 C:\xampp\htdocs\revisi\system\CodeIgniter.php(832): App\Controllers\Homepage->index()
#10 C:\xampp\htdocs\revisi\system\CodeIgniter.php(419): CodeIgniter\CodeIgniter->runController(Object(App\Controllers\Homepage))
#11 C:\xampp\htdocs\revisi\system\CodeIgniter.php(326): CodeIgniter\CodeIgniter->handleRequest(NULL, Object(Config\Cache), false)
#12 C:\xampp\htdocs\revisi\public\index.php(37): CodeIgniter\CodeIgniter->run()
#13 C:\xampp\htdocs\revisi\system\Commands\Server\rewrite.php(43): require_once('C:\\xampp\\htdocs...')
#14 {main}
CRITICAL - 2023-05-24 19:06:52 --> Division by zero
#0 C:\xampp\htdocs\revisi\system\View\View.php(210): include()
#1 C:\xampp\htdocs\revisi\system\View\View.php(213): CodeIgniter\View\View->CodeIgniter\View\{closure}()
#2 C:\xampp\htdocs\revisi\system\Common.php(1089): CodeIgniter\View\View->render('Page/Beranda', Array, true)
#3 C:\xampp\htdocs\revisi\app\Controllers\Homepage.php(21): view('Page/Beranda', Array)
#4 C:\xampp\htdocs\revisi\system\CodeIgniter.php(832): App\Controllers\Homepage->index()
#5 C:\xampp\htdocs\revisi\system\CodeIgniter.php(419): CodeIgniter\CodeIgniter->runController(Object(App\Controllers\Homepage))
#6 C:\xampp\htdocs\revisi\system\CodeIgniter.php(326): CodeIgniter\CodeIgniter->handleRequest(NULL, Object(Config\Cache), false)
#7 C:\xampp\htdocs\revisi\public\index.php(37): CodeIgniter\CodeIgniter->run()
#8 C:\xampp\htdocs\revisi\system\Commands\Server\rewrite.php(43): require_once('C:\\xampp\\htdocs...')
#9 {main}
CRITICAL - 2023-05-24 19:07:20 --> Division by zero
#0 C:\xampp\htdocs\revisi\system\View\View.php(210): include()
#1 C:\xampp\htdocs\revisi\system\View\View.php(213): CodeIgniter\View\View->CodeIgniter\View\{closure}()
#2 C:\xampp\htdocs\revisi\system\Common.php(1089): CodeIgniter\View\View->render('Page/Beranda', Array, true)
#3 C:\xampp\htdocs\revisi\app\Controllers\Homepage.php(21): view('Page/Beranda', Array)
#4 C:\xampp\htdocs\revisi\system\CodeIgniter.php(832): App\Controllers\Homepage->index()
#5 C:\xampp\htdocs\revisi\system\CodeIgniter.php(419): CodeIgniter\CodeIgniter->runController(Object(App\Controllers\Homepage))
#6 C:\xampp\htdocs\revisi\system\CodeIgniter.php(326): CodeIgniter\CodeIgniter->handleRequest(NULL, Object(Config\Cache), false)
#7 C:\xampp\htdocs\revisi\public\index.php(37): CodeIgniter\CodeIgniter->run()
#8 C:\xampp\htdocs\revisi\system\Commands\Server\rewrite.php(43): require_once('C:\\xampp\\htdocs...')
#9 {main}
CRITICAL - 2023-05-24 19:09:12 --> Division by zero
#0 C:\xampp\htdocs\revisi\system\View\View.php(210): include()
#1 C:\xampp\htdocs\revisi\system\View\View.php(213): CodeIgniter\View\View->CodeIgniter\View\{closure}()
#2 C:\xampp\htdocs\revisi\system\Common.php(1089): CodeIgniter\View\View->render('Page/Beranda', Array, true)
#3 C:\xampp\htdocs\revisi\app\Controllers\Homepage.php(21): view('Page/Beranda', Array)
#4 C:\xampp\htdocs\revisi\system\CodeIgniter.php(832): App\Controllers\Homepage->index()
#5 C:\xampp\htdocs\revisi\system\CodeIgniter.php(419): CodeIgniter\CodeIgniter->runController(Object(App\Controllers\Homepage))
#6 C:\xampp\htdocs\revisi\system\CodeIgniter.php(326): CodeIgniter\CodeIgniter->handleRequest(NULL, Object(Config\Cache), false)
#7 C:\xampp\htdocs\revisi\public\index.php(37): CodeIgniter\CodeIgniter->run()
#8 C:\xampp\htdocs\revisi\system\Commands\Server\rewrite.php(43): require_once('C:\\xampp\\htdocs...')
#9 {main}
ERROR - 2023-05-24 07:14:59 --> Unknown column 'diagnosa' in 'where clause'
CRITICAL - 2023-05-24 07:14:59 --> Unknown column 'diagnosa' in 'where clause'
#0 C:\xampp\htdocs\revisi\system\Database\MySQLi\Connection.php(292): mysqli->query('SELECT * FROM `...', 0)
#1 C:\xampp\htdocs\revisi\system\Database\BaseConnection.php(670): CodeIgniter\Database\MySQLi\Connection->execute('SELECT * FROM `...')
#2 C:\xampp\htdocs\revisi\system\Database\BaseConnection.php(598): CodeIgniter\Database\BaseConnection->simpleQuery('SELECT * FROM `...')
#3 C:\xampp\htdocs\revisi\app\Controllers\Back\Laporan.php(41): CodeIgniter\Database\BaseConnection->query('SELECT * FROM `...')
#4 C:\xampp\htdocs\revisi\system\CodeIgniter.php(832): App\Controllers\back\Laporan->proses()
#5 C:\xampp\htdocs\revisi\system\CodeIgniter.php(419): CodeIgniter\CodeIgniter->runController(Object(App\Controllers\back\Laporan))
#6 C:\xampp\htdocs\revisi\system\CodeIgniter.php(326): CodeIgniter\CodeIgniter->handleRequest(NULL, Object(Config\Cache), false)
#7 C:\xampp\htdocs\revisi\public\index.php(37): CodeIgniter\CodeIgniter->run()
#8 C:\xampp\htdocs\revisi\system\Commands\Server\rewrite.php(43): require_once('C:\\xampp\\htdocs...')
#9 {main}
CRITICAL - 2023-05-24 07:48:46 --> Attempt to read property "deskripsi" on null
#0 C:\xampp\htdocs\revisi\app\Views\Page\Laporan\Rm.php(78): CodeIgniter\Debug\Exceptions->errorHandler(2, 'Attempt to read...', 'C:\\xampp\\htdocs...', 78)
#1 C:\xampp\htdocs\revisi\system\View\View.php(210): include('C:\\xampp\\htdocs...')
#2 C:\xampp\htdocs\revisi\system\View\View.php(213): CodeIgniter\View\View->CodeIgniter\View\{closure}()
#3 C:\xampp\htdocs\revisi\system\Common.php(1089): CodeIgniter\View\View->render('Page/Laporan/Rm', Array, true)
#4 C:\xampp\htdocs\revisi\app\Controllers\Back\Laporan.php(47): view('Page/Laporan/Rm', Array)
#5 C:\xampp\htdocs\revisi\system\CodeIgniter.php(832): App\Controllers\back\Laporan->proses()
#6 C:\xampp\htdocs\revisi\system\CodeIgniter.php(419): CodeIgniter\CodeIgniter->runController(Object(App\Controllers\back\Laporan))
#7 C:\xampp\htdocs\revisi\system\CodeIgniter.php(326): CodeIgniter\CodeIgniter->handleRequest(NULL, Object(Config\Cache), false)
#8 C:\xampp\htdocs\revisi\public\index.php(37): CodeIgniter\CodeIgniter->run()
#9 C:\xampp\htdocs\revisi\system\Commands\Server\rewrite.php(43): require_once('C:\\xampp\\htdocs...')
#10 {main}
CRITICAL - 2023-05-24 07:53:58 --> Undefined property: stdClass::$umur_pasien
#0 C:\xampp\htdocs\revisi\app\Views\Page\Pasien\Cetak.php(82): CodeIgniter\Debug\Exceptions->errorHandler(2, 'Undefined prope...', 'C:\\xampp\\htdocs...', 82)
#1 C:\xampp\htdocs\revisi\system\View\View.php(210): include('C:\\xampp\\htdocs...')
#2 C:\xampp\htdocs\revisi\system\View\View.php(213): CodeIgniter\View\View->CodeIgniter\View\{closure}()
#3 C:\xampp\htdocs\revisi\system\Common.php(1089): CodeIgniter\View\View->render('Page/Pasien/Cet...', Array, true)
#4 C:\xampp\htdocs\revisi\app\Controllers\Back\Pasien.php(444): view('Page/Pasien/Cet...', Array)
#5 C:\xampp\htdocs\revisi\system\CodeIgniter.php(832): App\Controllers\back\Pasien->cetak('21')
#6 C:\xampp\htdocs\revisi\system\CodeIgniter.php(419): CodeIgniter\CodeIgniter->runController(Object(App\Controllers\back\Pasien))
#7 C:\xampp\htdocs\revisi\system\CodeIgniter.php(326): CodeIgniter\CodeIgniter->handleRequest(NULL, Object(Config\Cache), false)
#8 C:\xampp\htdocs\revisi\public\index.php(37): CodeIgniter\CodeIgniter->run()
#9 C:\xampp\htdocs\revisi\system\Commands\Server\rewrite.php(43): require_once('C:\\xampp\\htdocs...')
#10 {main}
ERROR - 2023-05-24 08:06:22 --> Unknown column 'tanggal_masuk' in 'where clause'
CRITICAL - 2023-05-24 08:06:22 --> Unknown column 'tanggal_masuk' in 'where clause'
#0 C:\xampp\htdocs\revisi\system\Database\MySQLi\Connection.php(292): mysqli->query('SELECT *, COUNT...', 0)
#1 C:\xampp\htdocs\revisi\system\Database\BaseConnection.php(670): CodeIgniter\Database\MySQLi\Connection->execute('SELECT *, COUNT...')
#2 C:\xampp\htdocs\revisi\system\Database\BaseConnection.php(598): CodeIgniter\Database\BaseConnection->simpleQuery('SELECT *, COUNT...')
#3 C:\xampp\htdocs\revisi\app\Controllers\Back\Laporan.php(65): CodeIgniter\Database\BaseConnection->query('SELECT *, COUNT...')
#4 C:\xampp\htdocs\revisi\system\CodeIgniter.php(832): App\Controllers\back\Laporan->proses()
#5 C:\xampp\htdocs\revisi\system\CodeIgniter.php(419): CodeIgniter\CodeIgniter->runController(Object(App\Controllers\back\Laporan))
#6 C:\xampp\htdocs\revisi\system\CodeIgniter.php(326): CodeIgniter\CodeIgniter->handleRequest(NULL, Object(Config\Cache), false)
#7 C:\xampp\htdocs\revisi\public\index.php(37): CodeIgniter\CodeIgniter->run()
#8 C:\xampp\htdocs\revisi\system\Commands\Server\rewrite.php(43): require_once('C:\\xampp\\htdocs...')
#9 {main}
