CRITICAL - 2023-05-19 00:19:40 --> View themes, no current section.
#0 C:\xampp\htdocs\revisi\app\Views\Page\Beranda.php(851): CodeIgniter\View\View->endSection()
#1 C:\xampp\htdocs\revisi\system\View\View.php(210): include('C:\\xampp\\htdocs...')
#2 C:\xampp\htdocs\revisi\system\View\View.php(213): CodeIgniter\View\View->CodeIgniter\View\{closure}()
#3 C:\xampp\htdocs\revisi\system\Common.php(1089): CodeIgniter\View\View->render('Page/Beranda', Array, true)
#4 C:\xampp\htdocs\revisi\app\Controllers\Homepage.php(21): view('Page/Beranda', Array)
#5 C:\xampp\htdocs\revisi\system\CodeIgniter.php(832): App\Controllers\Homepage->index()
#6 C:\xampp\htdocs\revisi\system\CodeIgniter.php(419): CodeIgniter\CodeIgniter->runController(Object(App\Controllers\Homepage))
#7 C:\xampp\htdocs\revisi\system\CodeIgniter.php(326): CodeIgniter\CodeIgniter->handleRequest(NULL, Object(Config\Cache), false)
#8 C:\xampp\htdocs\revisi\public\index.php(37): CodeIgniter\CodeIgniter->run()
#9 C:\xampp\htdocs\revisi\system\Commands\Server\rewrite.php(43): require_once('C:\\xampp\\htdocs...')
#10 {main}
CRITICAL - 2023-05-19 00:24:08 --> View themes, no current section.
#0 C:\xampp\htdocs\revisi\app\Views\Page\Beranda.php(847): CodeIgniter\View\View->endSection()
#1 C:\xampp\htdocs\revisi\system\View\View.php(210): include('C:\\xampp\\htdocs...')
#2 C:\xampp\htdocs\revisi\system\View\View.php(213): CodeIgniter\View\View->CodeIgniter\View\{closure}()
#3 C:\xampp\htdocs\revisi\system\Common.php(1089): CodeIgniter\View\View->render('Page/Beranda', Array, true)
#4 C:\xampp\htdocs\revisi\app\Controllers\Homepage.php(21): view('Page/Beranda', Array)
#5 C:\xampp\htdocs\revisi\system\CodeIgniter.php(832): App\Controllers\Homepage->index()
#6 C:\xampp\htdocs\revisi\system\CodeIgniter.php(419): CodeIgniter\CodeIgniter->runController(Object(App\Controllers\Homepage))
#7 C:\xampp\htdocs\revisi\system\CodeIgniter.php(326): CodeIgniter\CodeIgniter->handleRequest(NULL, Object(Config\Cache), false)
#8 C:\xampp\htdocs\revisi\public\index.php(37): CodeIgniter\CodeIgniter->run()
#9 C:\xampp\htdocs\revisi\system\Commands\Server\rewrite.php(43): require_once('C:\\xampp\\htdocs...')
#10 {main}
CRITICAL - 2023-05-19 00:26:34 --> Undefined property: CodeIgniter\View\View::$table
#0 C:\xampp\htdocs\revisi\app\Views\Page\Beranda.php(178): CodeIgniter\Debug\Exceptions->errorHandler(2, 'Undefined prope...', 'C:\\xampp\\htdocs...', 178)
#1 C:\xampp\htdocs\revisi\system\View\View.php(210): include('C:\\xampp\\htdocs...')
#2 C:\xampp\htdocs\revisi\system\View\View.php(213): CodeIgniter\View\View->CodeIgniter\View\{closure}()
#3 C:\xampp\htdocs\revisi\system\Common.php(1089): CodeIgniter\View\View->render('Page/Beranda', Array, true)
#4 C:\xampp\htdocs\revisi\app\Controllers\Homepage.php(21): view('Page/Beranda', Array)
#5 C:\xampp\htdocs\revisi\system\CodeIgniter.php(832): App\Controllers\Homepage->index()
#6 C:\xampp\htdocs\revisi\system\CodeIgniter.php(419): CodeIgniter\CodeIgniter->runController(Object(App\Controllers\Homepage))
#7 C:\xampp\htdocs\revisi\system\CodeIgniter.php(326): CodeIgniter\CodeIgniter->handleRequest(NULL, Object(Config\Cache), false)
#8 C:\xampp\htdocs\revisi\public\index.php(37): CodeIgniter\CodeIgniter->run()
#9 C:\xampp\htdocs\revisi\system\Commands\Server\rewrite.php(43): require_once('C:\\xampp\\htdocs...')
#10 {main}
CRITICAL - 2023-05-19 00:27:57 --> Undefined variable $diagnosa
#0 C:\xampp\htdocs\revisi\app\Views\Page\Beranda.php(178): CodeIgniter\Debug\Exceptions->errorHandler(2, 'Undefined varia...', 'C:\\xampp\\htdocs...', 178)
#1 C:\xampp\htdocs\revisi\system\View\View.php(210): include('C:\\xampp\\htdocs...')
#2 C:\xampp\htdocs\revisi\system\View\View.php(213): CodeIgniter\View\View->CodeIgniter\View\{closure}()
#3 C:\xampp\htdocs\revisi\system\Common.php(1089): CodeIgniter\View\View->render('Page/Beranda', Array, true)
#4 C:\xampp\htdocs\revisi\app\Controllers\Homepage.php(21): view('Page/Beranda', Array)
#5 C:\xampp\htdocs\revisi\system\CodeIgniter.php(832): App\Controllers\Homepage->index()
#6 C:\xampp\htdocs\revisi\system\CodeIgniter.php(419): CodeIgniter\CodeIgniter->runController(Object(App\Controllers\Homepage))
#7 C:\xampp\htdocs\revisi\system\CodeIgniter.php(326): CodeIgniter\CodeIgniter->handleRequest(NULL, Object(Config\Cache), false)
#8 C:\xampp\htdocs\revisi\public\index.php(37): CodeIgniter\CodeIgniter->run()
#9 C:\xampp\htdocs\revisi\system\Commands\Server\rewrite.php(43): require_once('C:\\xampp\\htdocs...')
#10 {main}
