CRITICAL - 2023-05-28 07:11:42 --> Cannot use empty array elements in arrays
#0 [internal function]: CodeIgniter\Debug\Exceptions->shutdownHandler()
#1 {main}
CRITICAL - 2023-05-28 08:04:32 --> Undefined array key "id_jabatan"
#0 C:\xampp\htdocs\revisi\app\Controllers\Back\Jabatan.php(124): CodeIgniter\Debug\Exceptions->errorHandler(2, 'Undefined array...', 'C:\\xampp\\htdocs...', 124)
#1 C:\xampp\htdocs\revisi\system\CodeIgniter.php(832): App\Controllers\back\Jabatan->formedit()
#2 C:\xampp\htdocs\revisi\system\CodeIgniter.php(419): CodeIgniter\CodeIgniter->runController(Object(App\Controllers\back\Jabatan))
#3 C:\xampp\htdocs\revisi\system\CodeIgniter.php(326): CodeIgniter\CodeIgniter->handleRequest(NULL, Object(Config\Cache), false)
#4 C:\xampp\htdocs\revisi\public\index.php(37): CodeIgniter\CodeIgniter->run()
#5 C:\xampp\htdocs\revisi\system\Commands\Server\rewrite.php(43): require_once('C:\\xampp\\htdocs...')
#6 {main}
CRITICAL - 2023-05-28 08:04:39 --> Undefined array key "id_jabatan"
#0 C:\xampp\htdocs\revisi\app\Controllers\Back\Jabatan.php(124): CodeIgniter\Debug\Exceptions->errorHandler(2, 'Undefined array...', 'C:\\xampp\\htdocs...', 124)
#1 C:\xampp\htdocs\revisi\system\CodeIgniter.php(832): App\Controllers\back\Jabatan->formedit()
#2 C:\xampp\htdocs\revisi\system\CodeIgniter.php(419): CodeIgniter\CodeIgniter->runController(Object(App\Controllers\back\Jabatan))
#3 C:\xampp\htdocs\revisi\system\CodeIgniter.php(326): CodeIgniter\CodeIgniter->handleRequest(NULL, Object(Config\Cache), false)
#4 C:\xampp\htdocs\revisi\public\index.php(37): CodeIgniter\CodeIgniter->run()
#5 C:\xampp\htdocs\revisi\system\Commands\Server\rewrite.php(43): require_once('C:\\xampp\\htdocs...')
#6 {main}
CRITICAL - 2023-05-28 08:05:29 --> Undefined array key "id_jabatan"
#0 C:\xampp\htdocs\revisi\app\Controllers\Back\Jabatan.php(124): CodeIgniter\Debug\Exceptions->errorHandler(2, 'Undefined array...', 'C:\\xampp\\htdocs...', 124)
#1 C:\xampp\htdocs\revisi\system\CodeIgniter.php(832): App\Controllers\back\Jabatan->formedit()
#2 C:\xampp\htdocs\revisi\system\CodeIgniter.php(419): CodeIgniter\CodeIgniter->runController(Object(App\Controllers\back\Jabatan))
#3 C:\xampp\htdocs\revisi\system\CodeIgniter.php(326): CodeIgniter\CodeIgniter->handleRequest(NULL, Object(Config\Cache), false)
#4 C:\xampp\htdocs\revisi\public\index.php(37): CodeIgniter\CodeIgniter->run()
#5 C:\xampp\htdocs\revisi\system\Commands\Server\rewrite.php(43): require_once('C:\\xampp\\htdocs...')
#6 {main}
