ERROR - 2023-05-17 10:44:06 --> Unknown column 'waktu' in 'where clause'
CRITICAL - 2023-05-17 10:44:06 --> Unknown column 'waktu' in 'where clause'
#0 C:\xampp\htdocs\revisi\system\Database\MySQLi\Connection.php(292): mysqli->query('SELECT * FROM t...', 0)
#1 C:\xampp\htdocs\revisi\system\Database\BaseConnection.php(670): CodeIgniter\Database\MySQLi\Connection->execute('SELECT * FROM t...')
#2 C:\xampp\htdocs\revisi\system\Database\BaseConnection.php(598): CodeIgniter\Database\BaseConnection->simpleQuery('SELECT * FROM t...')
#3 C:\xampp\htdocs\revisi\app\Views\Page\Beranda.php(317): CodeIgniter\Database\BaseConnection->query('SELECT * FROM t...')
#4 C:\xampp\htdocs\revisi\system\View\View.php(210): include('C:\\xampp\\htdocs...')
#5 C:\xampp\htdocs\revisi\system\View\View.php(213): CodeIgniter\View\View->CodeIgniter\View\{closure}()
#6 C:\xampp\htdocs\revisi\system\Common.php(1089): CodeIgniter\View\View->render('Page/Beranda', Array, true)
#7 C:\xampp\htdocs\revisi\app\Controllers\Homepage.php(21): view('Page/Beranda', Array)
#8 C:\xampp\htdocs\revisi\system\CodeIgniter.php(832): App\Controllers\Homepage->index()
#9 C:\xampp\htdocs\revisi\system\CodeIgniter.php(419): CodeIgniter\CodeIgniter->runController(Object(App\Controllers\Homepage))
#10 C:\xampp\htdocs\revisi\system\CodeIgniter.php(326): CodeIgniter\CodeIgniter->handleRequest(NULL, Object(Config\Cache), false)
#11 C:\xampp\htdocs\revisi\public\index.php(37): CodeIgniter\CodeIgniter->run()
#12 C:\xampp\htdocs\revisi\system\Commands\Server\rewrite.php(43): require_once('C:\\xampp\\htdocs...')
#13 {main}
ERROR - 2023-05-17 10:44:12 --> Unknown column 'waktu' in 'where clause'
CRITICAL - 2023-05-17 10:44:12 --> Unknown column 'waktu' in 'where clause'
#0 C:\xampp\htdocs\revisi\system\Database\MySQLi\Connection.php(292): mysqli->query('SELECT * FROM t...', 0)
#1 C:\xampp\htdocs\revisi\system\Database\BaseConnection.php(670): CodeIgniter\Database\MySQLi\Connection->execute('SELECT * FROM t...')
#2 C:\xampp\htdocs\revisi\system\Database\BaseConnection.php(598): CodeIgniter\Database\BaseConnection->simpleQuery('SELECT * FROM t...')
#3 C:\xampp\htdocs\revisi\app\Views\Page\Beranda.php(317): CodeIgniter\Database\BaseConnection->query('SELECT * FROM t...')
#4 C:\xampp\htdocs\revisi\system\View\View.php(210): include('C:\\xampp\\htdocs...')
#5 C:\xampp\htdocs\revisi\system\View\View.php(213): CodeIgniter\View\View->CodeIgniter\View\{closure}()
#6 C:\xampp\htdocs\revisi\system\Common.php(1089): CodeIgniter\View\View->render('Page/Beranda', Array, true)
#7 C:\xampp\htdocs\revisi\app\Controllers\Homepage.php(21): view('Page/Beranda', Array)
#8 C:\xampp\htdocs\revisi\system\CodeIgniter.php(832): App\Controllers\Homepage->index()
#9 C:\xampp\htdocs\revisi\system\CodeIgniter.php(419): CodeIgniter\CodeIgniter->runController(Object(App\Controllers\Homepage))
#10 C:\xampp\htdocs\revisi\system\CodeIgniter.php(326): CodeIgniter\CodeIgniter->handleRequest(NULL, Object(Config\Cache), false)
#11 C:\xampp\htdocs\revisi\public\index.php(37): CodeIgniter\CodeIgniter->run()
#12 C:\xampp\htdocs\revisi\system\Commands\Server\rewrite.php(43): require_once('C:\\xampp\\htdocs...')
#13 {main}
CRITICAL - 2023-05-17 11:00:36 --> Undefined variable $jumlahkeluar
#0 C:\xampp\htdocs\revisi\app\Views\Page\Beranda.php(369): CodeIgniter\Debug\Exceptions->errorHandler(2, 'Undefined varia...', 'C:\\xampp\\htdocs...', 369)
#1 C:\xampp\htdocs\revisi\system\View\View.php(210): include('C:\\xampp\\htdocs...')
#2 C:\xampp\htdocs\revisi\system\View\View.php(213): CodeIgniter\View\View->CodeIgniter\View\{closure}()
#3 C:\xampp\htdocs\revisi\system\Common.php(1089): CodeIgniter\View\View->render('Page/Beranda', Array, true)
#4 C:\xampp\htdocs\revisi\app\Controllers\Homepage.php(21): view('Page/Beranda', Array)
#5 C:\xampp\htdocs\revisi\system\CodeIgniter.php(832): App\Controllers\Homepage->index()
#6 C:\xampp\htdocs\revisi\system\CodeIgniter.php(419): CodeIgniter\CodeIgniter->runController(Object(App\Controllers\Homepage))
#7 C:\xampp\htdocs\revisi\system\CodeIgniter.php(326): CodeIgniter\CodeIgniter->handleRequest(NULL, Object(Config\Cache), false)
#8 C:\xampp\htdocs\revisi\public\index.php(37): CodeIgniter\CodeIgniter->run()
#9 C:\xampp\htdocs\revisi\system\Commands\Server\rewrite.php(43): require_once('C:\\xampp\\htdocs...')
#10 {main}
CRITICAL - 2023-05-17 11:01:01 --> Cannot use object of type stdClass as array
#0 C:\xampp\htdocs\revisi\system\View\View.php(210): include()
#1 C:\xampp\htdocs\revisi\system\View\View.php(213): CodeIgniter\View\View->CodeIgniter\View\{closure}()
#2 C:\xampp\htdocs\revisi\system\Common.php(1089): CodeIgniter\View\View->render('Page/Beranda', Array, true)
#3 C:\xampp\htdocs\revisi\app\Controllers\Homepage.php(21): view('Page/Beranda', Array)
#4 C:\xampp\htdocs\revisi\system\CodeIgniter.php(832): App\Controllers\Homepage->index()
#5 C:\xampp\htdocs\revisi\system\CodeIgniter.php(419): CodeIgniter\CodeIgniter->runController(Object(App\Controllers\Homepage))
#6 C:\xampp\htdocs\revisi\system\CodeIgniter.php(326): CodeIgniter\CodeIgniter->handleRequest(NULL, Object(Config\Cache), false)
#7 C:\xampp\htdocs\revisi\public\index.php(37): CodeIgniter\CodeIgniter->run()
#8 C:\xampp\htdocs\revisi\system\Commands\Server\rewrite.php(43): require_once('C:\\xampp\\htdocs...')
#9 {main}
CRITICAL - 2023-05-17 11:01:58 --> Cannot use object of type stdClass as array
#0 C:\xampp\htdocs\revisi\system\View\View.php(210): include()
#1 C:\xampp\htdocs\revisi\system\View\View.php(213): CodeIgniter\View\View->CodeIgniter\View\{closure}()
#2 C:\xampp\htdocs\revisi\system\Common.php(1089): CodeIgniter\View\View->render('Page/Beranda', Array, true)
#3 C:\xampp\htdocs\revisi\app\Controllers\Homepage.php(21): view('Page/Beranda', Array)
#4 C:\xampp\htdocs\revisi\system\CodeIgniter.php(832): App\Controllers\Homepage->index()
#5 C:\xampp\htdocs\revisi\system\CodeIgniter.php(419): CodeIgniter\CodeIgniter->runController(Object(App\Controllers\Homepage))
#6 C:\xampp\htdocs\revisi\system\CodeIgniter.php(326): CodeIgniter\CodeIgniter->handleRequest(NULL, Object(Config\Cache), false)
#7 C:\xampp\htdocs\revisi\public\index.php(37): CodeIgniter\CodeIgniter->run()
#8 C:\xampp\htdocs\revisi\system\Commands\Server\rewrite.php(43): require_once('C:\\xampp\\htdocs...')
#9 {main}
CRITICAL - 2023-05-17 11:02:11 --> Attempt to read property "harga_satuan" on null
#0 C:\xampp\htdocs\revisi\app\Views\Page\Beranda.php(373): CodeIgniter\Debug\Exceptions->errorHandler(2, 'Attempt to read...', 'C:\\xampp\\htdocs...', 373)
#1 C:\xampp\htdocs\revisi\system\View\View.php(210): include('C:\\xampp\\htdocs...')
#2 C:\xampp\htdocs\revisi\system\View\View.php(213): CodeIgniter\View\View->CodeIgniter\View\{closure}()
#3 C:\xampp\htdocs\revisi\system\Common.php(1089): CodeIgniter\View\View->render('Page/Beranda', Array, true)
#4 C:\xampp\htdocs\revisi\app\Controllers\Homepage.php(21): view('Page/Beranda', Array)
#5 C:\xampp\htdocs\revisi\system\CodeIgniter.php(832): App\Controllers\Homepage->index()
#6 C:\xampp\htdocs\revisi\system\CodeIgniter.php(419): CodeIgniter\CodeIgniter->runController(Object(App\Controllers\Homepage))
#7 C:\xampp\htdocs\revisi\system\CodeIgniter.php(326): CodeIgniter\CodeIgniter->handleRequest(NULL, Object(Config\Cache), false)
#8 C:\xampp\htdocs\revisi\public\index.php(37): CodeIgniter\CodeIgniter->run()
#9 C:\xampp\htdocs\revisi\system\Commands\Server\rewrite.php(43): require_once('C:\\xampp\\htdocs...')
#10 {main}
CRITICAL - 2023-05-17 11:04:34 --> Attempt to read property "harga_satuan" on null
#0 C:\xampp\htdocs\revisi\app\Views\Page\Beranda.php(374): CodeIgniter\Debug\Exceptions->errorHandler(2, 'Attempt to read...', 'C:\\xampp\\htdocs...', 374)
#1 C:\xampp\htdocs\revisi\system\View\View.php(210): include('C:\\xampp\\htdocs...')
#2 C:\xampp\htdocs\revisi\system\View\View.php(213): CodeIgniter\View\View->CodeIgniter\View\{closure}()
#3 C:\xampp\htdocs\revisi\system\Common.php(1089): CodeIgniter\View\View->render('Page/Beranda', Array, true)
#4 C:\xampp\htdocs\revisi\app\Controllers\Homepage.php(21): view('Page/Beranda', Array)
#5 C:\xampp\htdocs\revisi\system\CodeIgniter.php(832): App\Controllers\Homepage->index()
#6 C:\xampp\htdocs\revisi\system\CodeIgniter.php(419): CodeIgniter\CodeIgniter->runController(Object(App\Controllers\Homepage))
#7 C:\xampp\htdocs\revisi\system\CodeIgniter.php(326): CodeIgniter\CodeIgniter->handleRequest(NULL, Object(Config\Cache), false)
#8 C:\xampp\htdocs\revisi\public\index.php(37): CodeIgniter\CodeIgniter->run()
#9 C:\xampp\htdocs\revisi\system\Commands\Server\rewrite.php(43): require_once('C:\\xampp\\htdocs...')
#10 {main}
CRITICAL - 2023-05-17 00:35:06 --> Undefined variable $kode_obat
#0 C:\xampp\htdocs\revisi\app\Views\Page\Laporan\Keluar.php(48): CodeIgniter\Debug\Exceptions->errorHandler(2, 'Undefined varia...', 'C:\\xampp\\htdocs...', 48)
#1 C:\xampp\htdocs\revisi\system\View\View.php(210): include('C:\\xampp\\htdocs...')
#2 C:\xampp\htdocs\revisi\system\View\View.php(213): CodeIgniter\View\View->CodeIgniter\View\{closure}()
#3 C:\xampp\htdocs\revisi\system\Common.php(1089): CodeIgniter\View\View->render('Page/Laporan/Ke...', Array, true)
#4 C:\xampp\htdocs\revisi\app\Controllers\Back\Laporan.php(55): view('Page/Laporan/Ke...', Array)
#5 C:\xampp\htdocs\revisi\system\CodeIgniter.php(832): App\Controllers\back\Laporan->proses()
#6 C:\xampp\htdocs\revisi\system\CodeIgniter.php(419): CodeIgniter\CodeIgniter->runController(Object(App\Controllers\back\Laporan))
#7 C:\xampp\htdocs\revisi\system\CodeIgniter.php(326): CodeIgniter\CodeIgniter->handleRequest(NULL, Object(Config\Cache), false)
#8 C:\xampp\htdocs\revisi\public\index.php(37): CodeIgniter\CodeIgniter->run()
#9 C:\xampp\htdocs\revisi\system\Commands\Server\rewrite.php(43): require_once('C:\\xampp\\htdocs...')
#10 {main}
CRITICAL - 2023-05-17 00:35:22 --> Undefined variable $jumlah
#0 C:\xampp\htdocs\revisi\app\Views\Page\Laporan\Keluar.php(56): CodeIgniter\Debug\Exceptions->errorHandler(2, 'Undefined varia...', 'C:\\xampp\\htdocs...', 56)
#1 C:\xampp\htdocs\revisi\system\View\View.php(210): include('C:\\xampp\\htdocs...')
#2 C:\xampp\htdocs\revisi\system\View\View.php(213): CodeIgniter\View\View->CodeIgniter\View\{closure}()
#3 C:\xampp\htdocs\revisi\system\Common.php(1089): CodeIgniter\View\View->render('Page/Laporan/Ke...', Array, true)
#4 C:\xampp\htdocs\revisi\app\Controllers\Back\Laporan.php(55): view('Page/Laporan/Ke...', Array)
#5 C:\xampp\htdocs\revisi\system\CodeIgniter.php(832): App\Controllers\back\Laporan->proses()
#6 C:\xampp\htdocs\revisi\system\CodeIgniter.php(419): CodeIgniter\CodeIgniter->runController(Object(App\Controllers\back\Laporan))
#7 C:\xampp\htdocs\revisi\system\CodeIgniter.php(326): CodeIgniter\CodeIgniter->handleRequest(NULL, Object(Config\Cache), false)
#8 C:\xampp\htdocs\revisi\public\index.php(37): CodeIgniter\CodeIgniter->run()
#9 C:\xampp\htdocs\revisi\system\Commands\Server\rewrite.php(43): require_once('C:\\xampp\\htdocs...')
#10 {main}
CRITICAL - 2023-05-17 00:35:46 --> Undefined variable $pasienn
#0 C:\xampp\htdocs\revisi\app\Views\Page\Laporan\Keluar.php(60): CodeIgniter\Debug\Exceptions->errorHandler(2, 'Undefined varia...', 'C:\\xampp\\htdocs...', 60)
#1 C:\xampp\htdocs\revisi\system\View\View.php(210): include('C:\\xampp\\htdocs...')
#2 C:\xampp\htdocs\revisi\system\View\View.php(213): CodeIgniter\View\View->CodeIgniter\View\{closure}()
#3 C:\xampp\htdocs\revisi\system\Common.php(1089): CodeIgniter\View\View->render('Page/Laporan/Ke...', Array, true)
#4 C:\xampp\htdocs\revisi\app\Controllers\Back\Laporan.php(55): view('Page/Laporan/Ke...', Array)
#5 C:\xampp\htdocs\revisi\system\CodeIgniter.php(832): App\Controllers\back\Laporan->proses()
#6 C:\xampp\htdocs\revisi\system\CodeIgniter.php(419): CodeIgniter\CodeIgniter->runController(Object(App\Controllers\back\Laporan))
#7 C:\xampp\htdocs\revisi\system\CodeIgniter.php(326): CodeIgniter\CodeIgniter->handleRequest(NULL, Object(Config\Cache), false)
#8 C:\xampp\htdocs\revisi\public\index.php(37): CodeIgniter\CodeIgniter->run()
#9 C:\xampp\htdocs\revisi\system\Commands\Server\rewrite.php(43): require_once('C:\\xampp\\htdocs...')
#10 {main}
CRITICAL - 2023-05-17 00:45:16 --> Undefined variable $pasienn
#0 C:\xampp\htdocs\revisi\app\Views\Page\Laporan\Masuk.php(57): CodeIgniter\Debug\Exceptions->errorHandler(2, 'Undefined varia...', 'C:\\xampp\\htdocs...', 57)
#1 C:\xampp\htdocs\revisi\system\View\View.php(210): include('C:\\xampp\\htdocs...')
#2 C:\xampp\htdocs\revisi\system\View\View.php(213): CodeIgniter\View\View->CodeIgniter\View\{closure}()
#3 C:\xampp\htdocs\revisi\system\Common.php(1089): CodeIgniter\View\View->render('Page/Laporan/Ma...', Array, true)
#4 C:\xampp\htdocs\revisi\app\Controllers\Back\Laporan.php(63): view('Page/Laporan/Ma...', Array)
#5 C:\xampp\htdocs\revisi\system\CodeIgniter.php(832): App\Controllers\back\Laporan->proses()
#6 C:\xampp\htdocs\revisi\system\CodeIgniter.php(419): CodeIgniter\CodeIgniter->runController(Object(App\Controllers\back\Laporan))
#7 C:\xampp\htdocs\revisi\system\CodeIgniter.php(326): CodeIgniter\CodeIgniter->handleRequest(NULL, Object(Config\Cache), false)
#8 C:\xampp\htdocs\revisi\public\index.php(37): CodeIgniter\CodeIgniter->run()
#9 C:\xampp\htdocs\revisi\system\Commands\Server\rewrite.php(43): require_once('C:\\xampp\\htdocs...')
#10 {main}
CRITICAL - 2023-05-17 00:46:26 --> Undefined property: stdClass::$keluhan
#0 C:\xampp\htdocs\revisi\app\Views\Page\Laporan\Rm.php(66): CodeIgniter\Debug\Exceptions->errorHandler(2, 'Undefined prope...', 'C:\\xampp\\htdocs...', 66)
#1 C:\xampp\htdocs\revisi\system\View\View.php(210): include('C:\\xampp\\htdocs...')
#2 C:\xampp\htdocs\revisi\system\View\View.php(213): CodeIgniter\View\View->CodeIgniter\View\{closure}()
#3 C:\xampp\htdocs\revisi\system\Common.php(1089): CodeIgniter\View\View->render('Page/Laporan/Rm', Array, true)
#4 C:\xampp\htdocs\revisi\app\Controllers\Back\Laporan.php(47): view('Page/Laporan/Rm', Array)
#5 C:\xampp\htdocs\revisi\system\CodeIgniter.php(832): App\Controllers\back\Laporan->proses()
#6 C:\xampp\htdocs\revisi\system\CodeIgniter.php(419): CodeIgniter\CodeIgniter->runController(Object(App\Controllers\back\Laporan))
#7 C:\xampp\htdocs\revisi\system\CodeIgniter.php(326): CodeIgniter\CodeIgniter->handleRequest(NULL, Object(Config\Cache), false)
#8 C:\xampp\htdocs\revisi\public\index.php(37): CodeIgniter\CodeIgniter->run()
#9 C:\xampp\htdocs\revisi\system\Commands\Server\rewrite.php(43): require_once('C:\\xampp\\htdocs...')
#10 {main}
CRITICAL - 2023-05-17 15:21:54 --> Unsupported operand types: string + string
#0 C:\xampp\htdocs\revisi\system\View\View.php(210): include()
#1 C:\xampp\htdocs\revisi\system\View\View.php(213): CodeIgniter\View\View->CodeIgniter\View\{closure}()
#2 C:\xampp\htdocs\revisi\system\Common.php(1089): CodeIgniter\View\View->render('Page/Beranda', Array, true)
#3 C:\xampp\htdocs\revisi\app\Controllers\Homepage.php(21): view('Page/Beranda', Array)
#4 C:\xampp\htdocs\revisi\system\CodeIgniter.php(832): App\Controllers\Homepage->index()
#5 C:\xampp\htdocs\revisi\system\CodeIgniter.php(419): CodeIgniter\CodeIgniter->runController(Object(App\Controllers\Homepage))
#6 C:\xampp\htdocs\revisi\system\CodeIgniter.php(326): CodeIgniter\CodeIgniter->handleRequest(NULL, Object(Config\Cache), false)
#7 C:\xampp\htdocs\revisi\public\index.php(37): CodeIgniter\CodeIgniter->run()
#8 C:\xampp\htdocs\revisi\system\Commands\Server\rewrite.php(43): require_once('C:\\xampp\\htdocs...')
#9 {main}
CRITICAL - 2023-05-17 15:38:25 --> Unsupported operand types: string + string
#0 C:\xampp\htdocs\revisi\system\View\View.php(210): include()
#1 C:\xampp\htdocs\revisi\system\View\View.php(213): CodeIgniter\View\View->CodeIgniter\View\{closure}()
#2 C:\xampp\htdocs\revisi\system\Common.php(1089): CodeIgniter\View\View->render('Page/Beranda', Array, true)
#3 C:\xampp\htdocs\revisi\app\Controllers\Homepage.php(21): view('Page/Beranda', Array)
#4 C:\xampp\htdocs\revisi\system\CodeIgniter.php(832): App\Controllers\Homepage->index()
#5 C:\xampp\htdocs\revisi\system\CodeIgniter.php(419): CodeIgniter\CodeIgniter->runController(Object(App\Controllers\Homepage))
#6 C:\xampp\htdocs\revisi\system\CodeIgniter.php(326): CodeIgniter\CodeIgniter->handleRequest(NULL, Object(Config\Cache), false)
#7 C:\xampp\htdocs\revisi\public\index.php(37): CodeIgniter\CodeIgniter->run()
#8 C:\xampp\htdocs\revisi\system\Commands\Server\rewrite.php(43): require_once('C:\\xampp\\htdocs...')
#9 {main}
