ERROR - 2023-05-18 01:50:58 --> Column 'no_rm' in where clause is ambiguous
CRITICAL - 2023-05-18 01:50:58 --> Column 'no_rm' in where clause is ambiguous
#0 C:\xampp\htdocs\revisi\system\Database\MySQLi\Connection.php(292): mysqli->query('SELECT *\nFROM `...', 0)
#1 C:\xampp\htdocs\revisi\system\Database\BaseConnection.php(670): CodeIgniter\Database\MySQLi\Connection->execute('SELECT *\nFROM `...')
#2 C:\xampp\htdocs\revisi\system\Database\BaseConnection.php(598): CodeIgniter\Database\BaseConnection->simpleQuery('SELECT *\nFROM `...')
#3 C:\xampp\htdocs\revisi\system\Database\BaseBuilder.php(1455): CodeIgniter\Database\BaseConnection->query('SELECT *\nFROM `...', Array, false)
#4 C:\xampp\htdocs\revisi\app\Models\Modeldatarekam.php(57): CodeIgniter\Database\BaseBuilder->get()
#5 C:\xampp\htdocs\revisi\app\Controllers\Back\Datarm.php(40): App\Models\Modeldatarekam->get_datatables()
#6 C:\xampp\htdocs\revisi\system\CodeIgniter.php(832): App\Controllers\back\Datarm->listdata()
#7 C:\xampp\htdocs\revisi\system\CodeIgniter.php(419): CodeIgniter\CodeIgniter->runController(Object(App\Controllers\back\Datarm))
#8 C:\xampp\htdocs\revisi\system\CodeIgniter.php(326): CodeIgniter\CodeIgniter->handleRequest(NULL, Object(Config\Cache), false)
#9 C:\xampp\htdocs\revisi\public\index.php(37): CodeIgniter\CodeIgniter->run()
#10 C:\xampp\htdocs\revisi\system\Commands\Server\rewrite.php(43): require_once('C:\\xampp\\htdocs...')
#11 {main}
ERROR - 2023-05-18 01:50:59 --> Column 'no_rm' in where clause is ambiguous
CRITICAL - 2023-05-18 01:50:59 --> Column 'no_rm' in where clause is ambiguous
#0 C:\xampp\htdocs\revisi\system\Database\MySQLi\Connection.php(292): mysqli->query('SELECT *\nFROM `...', 0)
#1 C:\xampp\htdocs\revisi\system\Database\BaseConnection.php(670): CodeIgniter\Database\MySQLi\Connection->execute('SELECT *\nFROM `...')
#2 C:\xampp\htdocs\revisi\system\Database\BaseConnection.php(598): CodeIgniter\Database\BaseConnection->simpleQuery('SELECT *\nFROM `...')
#3 C:\xampp\htdocs\revisi\system\Database\BaseBuilder.php(1455): CodeIgniter\Database\BaseConnection->query('SELECT *\nFROM `...', Array, false)
#4 C:\xampp\htdocs\revisi\app\Models\Modeldatarekam.php(57): CodeIgniter\Database\BaseBuilder->get()
#5 C:\xampp\htdocs\revisi\app\Controllers\Back\Datarm.php(40): App\Models\Modeldatarekam->get_datatables()
#6 C:\xampp\htdocs\revisi\system\CodeIgniter.php(832): App\Controllers\back\Datarm->listdata()
#7 C:\xampp\htdocs\revisi\system\CodeIgniter.php(419): CodeIgniter\CodeIgniter->runController(Object(App\Controllers\back\Datarm))
#8 C:\xampp\htdocs\revisi\system\CodeIgniter.php(326): CodeIgniter\CodeIgniter->handleRequest(NULL, Object(Config\Cache), false)
#9 C:\xampp\htdocs\revisi\public\index.php(37): CodeIgniter\CodeIgniter->run()
#10 C:\xampp\htdocs\revisi\system\Commands\Server\rewrite.php(43): require_once('C:\\xampp\\htdocs...')
#11 {main}
ERROR - 2023-05-18 01:51:03 --> Column 'no_rm' in where clause is ambiguous
CRITICAL - 2023-05-18 01:51:03 --> Column 'no_rm' in where clause is ambiguous
#0 C:\xampp\htdocs\revisi\system\Database\MySQLi\Connection.php(292): mysqli->query('SELECT *\nFROM `...', 0)
#1 C:\xampp\htdocs\revisi\system\Database\BaseConnection.php(670): CodeIgniter\Database\MySQLi\Connection->execute('SELECT *\nFROM `...')
#2 C:\xampp\htdocs\revisi\system\Database\BaseConnection.php(598): CodeIgniter\Database\BaseConnection->simpleQuery('SELECT *\nFROM `...')
#3 C:\xampp\htdocs\revisi\system\Database\BaseBuilder.php(1455): CodeIgniter\Database\BaseConnection->query('SELECT *\nFROM `...', Array, false)
#4 C:\xampp\htdocs\revisi\app\Models\Modeldatarekam.php(57): CodeIgniter\Database\BaseBuilder->get()
#5 C:\xampp\htdocs\revisi\app\Controllers\Back\Datarm.php(40): App\Models\Modeldatarekam->get_datatables()
#6 C:\xampp\htdocs\revisi\system\CodeIgniter.php(832): App\Controllers\back\Datarm->listdata()
#7 C:\xampp\htdocs\revisi\system\CodeIgniter.php(419): CodeIgniter\CodeIgniter->runController(Object(App\Controllers\back\Datarm))
#8 C:\xampp\htdocs\revisi\system\CodeIgniter.php(326): CodeIgniter\CodeIgniter->handleRequest(NULL, Object(Config\Cache), false)
#9 C:\xampp\htdocs\revisi\public\index.php(37): CodeIgniter\CodeIgniter->run()
#10 C:\xampp\htdocs\revisi\system\Commands\Server\rewrite.php(43): require_once('C:\\xampp\\htdocs...')
#11 {main}
ERROR - 2023-05-18 01:51:10 --> Column 'no_rm' in where clause is ambiguous
CRITICAL - 2023-05-18 01:51:10 --> Column 'no_rm' in where clause is ambiguous
#0 C:\xampp\htdocs\revisi\system\Database\MySQLi\Connection.php(292): mysqli->query('SELECT *\nFROM `...', 0)
#1 C:\xampp\htdocs\revisi\system\Database\BaseConnection.php(670): CodeIgniter\Database\MySQLi\Connection->execute('SELECT *\nFROM `...')
#2 C:\xampp\htdocs\revisi\system\Database\BaseConnection.php(598): CodeIgniter\Database\BaseConnection->simpleQuery('SELECT *\nFROM `...')
#3 C:\xampp\htdocs\revisi\system\Database\BaseBuilder.php(1455): CodeIgniter\Database\BaseConnection->query('SELECT *\nFROM `...', Array, false)
#4 C:\xampp\htdocs\revisi\app\Models\Modeldatarekam.php(57): CodeIgniter\Database\BaseBuilder->get()
#5 C:\xampp\htdocs\revisi\app\Controllers\Back\Datarm.php(40): App\Models\Modeldatarekam->get_datatables()
#6 C:\xampp\htdocs\revisi\system\CodeIgniter.php(832): App\Controllers\back\Datarm->listdata()
#7 C:\xampp\htdocs\revisi\system\CodeIgniter.php(419): CodeIgniter\CodeIgniter->runController(Object(App\Controllers\back\Datarm))
#8 C:\xampp\htdocs\revisi\system\CodeIgniter.php(326): CodeIgniter\CodeIgniter->handleRequest(NULL, Object(Config\Cache), false)
#9 C:\xampp\htdocs\revisi\public\index.php(37): CodeIgniter\CodeIgniter->run()
#10 C:\xampp\htdocs\revisi\system\Commands\Server\rewrite.php(43): require_once('C:\\xampp\\htdocs...')
#11 {main}
ERROR - 2023-05-18 01:51:12 --> Column 'no_rm' in where clause is ambiguous
CRITICAL - 2023-05-18 01:51:12 --> Column 'no_rm' in where clause is ambiguous
#0 C:\xampp\htdocs\revisi\system\Database\MySQLi\Connection.php(292): mysqli->query('SELECT *\nFROM `...', 0)
#1 C:\xampp\htdocs\revisi\system\Database\BaseConnection.php(670): CodeIgniter\Database\MySQLi\Connection->execute('SELECT *\nFROM `...')
#2 C:\xampp\htdocs\revisi\system\Database\BaseConnection.php(598): CodeIgniter\Database\BaseConnection->simpleQuery('SELECT *\nFROM `...')
#3 C:\xampp\htdocs\revisi\system\Database\BaseBuilder.php(1455): CodeIgniter\Database\BaseConnection->query('SELECT *\nFROM `...', Array, false)
#4 C:\xampp\htdocs\revisi\app\Models\Modeldatarekam.php(57): CodeIgniter\Database\BaseBuilder->get()
#5 C:\xampp\htdocs\revisi\app\Controllers\Back\Datarm.php(40): App\Models\Modeldatarekam->get_datatables()
#6 C:\xampp\htdocs\revisi\system\CodeIgniter.php(832): App\Controllers\back\Datarm->listdata()
#7 C:\xampp\htdocs\revisi\system\CodeIgniter.php(419): CodeIgniter\CodeIgniter->runController(Object(App\Controllers\back\Datarm))
#8 C:\xampp\htdocs\revisi\system\CodeIgniter.php(326): CodeIgniter\CodeIgniter->handleRequest(NULL, Object(Config\Cache), false)
#9 C:\xampp\htdocs\revisi\public\index.php(37): CodeIgniter\CodeIgniter->run()
#10 C:\xampp\htdocs\revisi\system\Commands\Server\rewrite.php(43): require_once('C:\\xampp\\htdocs...')
#11 {main}
CRITICAL - 2023-05-18 11:30:05 --> syntax error, unexpected token ")"
#0 C:\xampp\htdocs\revisi\system\View\View.php(213): CodeIgniter\View\View->CodeIgniter\View\{closure}()
#1 C:\xampp\htdocs\revisi\system\Common.php(1089): CodeIgniter\View\View->render('Page/Beranda', Array, true)
#2 C:\xampp\htdocs\revisi\app\Controllers\Homepage.php(21): view('Page/Beranda', Array)
#3 C:\xampp\htdocs\revisi\system\CodeIgniter.php(832): App\Controllers\Homepage->index()
#4 C:\xampp\htdocs\revisi\system\CodeIgniter.php(419): CodeIgniter\CodeIgniter->runController(Object(App\Controllers\Homepage))
#5 C:\xampp\htdocs\revisi\system\CodeIgniter.php(326): CodeIgniter\CodeIgniter->handleRequest(NULL, Object(Config\Cache), false)
#6 C:\xampp\htdocs\revisi\public\index.php(37): CodeIgniter\CodeIgniter->run()
#7 C:\xampp\htdocs\revisi\system\Commands\Server\rewrite.php(43): require_once('C:\\xampp\\htdocs...')
#8 {main}
CRITICAL - 2023-05-18 23:47:51 --> Call to undefined method CodeIgniter\Database\MySQLi\Result::countAllResults()
#0 C:\xampp\htdocs\revisi\system\View\View.php(210): include()
#1 C:\xampp\htdocs\revisi\system\View\View.php(213): CodeIgniter\View\View->CodeIgniter\View\{closure}()
#2 C:\xampp\htdocs\revisi\system\Common.php(1089): CodeIgniter\View\View->render('Page/Beranda', Array, true)
#3 C:\xampp\htdocs\revisi\app\Controllers\Homepage.php(21): view('Page/Beranda', Array)
#4 C:\xampp\htdocs\revisi\system\CodeIgniter.php(832): App\Controllers\Homepage->index()
#5 C:\xampp\htdocs\revisi\system\CodeIgniter.php(419): CodeIgniter\CodeIgniter->runController(Object(App\Controllers\Homepage))
#6 C:\xampp\htdocs\revisi\system\CodeIgniter.php(326): CodeIgniter\CodeIgniter->handleRequest(NULL, Object(Config\Cache), false)
#7 C:\xampp\htdocs\revisi\public\index.php(37): CodeIgniter\CodeIgniter->run()
#8 C:\xampp\htdocs\revisi\system\Commands\Server\rewrite.php(43): require_once('C:\\xampp\\htdocs...')
#9 {main}
CRITICAL - 2023-05-18 23:49:13 --> Object of class CodeIgniter\Database\MySQLi\Result could not be converted to string
#0 C:\xampp\htdocs\revisi\system\View\View.php(210): include()
#1 C:\xampp\htdocs\revisi\system\View\View.php(213): CodeIgniter\View\View->CodeIgniter\View\{closure}()
#2 C:\xampp\htdocs\revisi\system\Common.php(1089): CodeIgniter\View\View->render('Page/Beranda', Array, true)
#3 C:\xampp\htdocs\revisi\app\Controllers\Homepage.php(21): view('Page/Beranda', Array)
#4 C:\xampp\htdocs\revisi\system\CodeIgniter.php(832): App\Controllers\Homepage->index()
#5 C:\xampp\htdocs\revisi\system\CodeIgniter.php(419): CodeIgniter\CodeIgniter->runController(Object(App\Controllers\Homepage))
#6 C:\xampp\htdocs\revisi\system\CodeIgniter.php(326): CodeIgniter\CodeIgniter->handleRequest(NULL, Object(Config\Cache), false)
#7 C:\xampp\htdocs\revisi\public\index.php(37): CodeIgniter\CodeIgniter->run()
#8 C:\xampp\htdocs\revisi\system\Commands\Server\rewrite.php(43): require_once('C:\\xampp\\htdocs...')
#9 {main}
CRITICAL - 2023-05-18 23:51:30 --> Call to undefined method CodeIgniter\Database\MySQLi\Result::countAllResults()
#0 C:\xampp\htdocs\revisi\system\View\View.php(210): include()
#1 C:\xampp\htdocs\revisi\system\View\View.php(213): CodeIgniter\View\View->CodeIgniter\View\{closure}()
#2 C:\xampp\htdocs\revisi\system\Common.php(1089): CodeIgniter\View\View->render('Page/Beranda', Array, true)
#3 C:\xampp\htdocs\revisi\app\Controllers\Homepage.php(21): view('Page/Beranda', Array)
#4 C:\xampp\htdocs\revisi\system\CodeIgniter.php(832): App\Controllers\Homepage->index()
#5 C:\xampp\htdocs\revisi\system\CodeIgniter.php(419): CodeIgniter\CodeIgniter->runController(Object(App\Controllers\Homepage))
#6 C:\xampp\htdocs\revisi\system\CodeIgniter.php(326): CodeIgniter\CodeIgniter->handleRequest(NULL, Object(Config\Cache), false)
#7 C:\xampp\htdocs\revisi\public\index.php(37): CodeIgniter\CodeIgniter->run()
#8 C:\xampp\htdocs\revisi\system\Commands\Server\rewrite.php(43): require_once('C:\\xampp\\htdocs...')
#9 {main}
