ERROR - 2023-05-15 08:03:46 --> Error connecting to the database: No connection could be made because the target machine actively refused it
CRITICAL - 2023-05-15 08:03:46 --> Unable to connect to the database.
Main connection [MySQLi]: No connection could be made because the target machine actively refused it
#0 C:\xampp\htdocs\revisi\system\Database\BaseConnection.php(577): CodeIgniter\Database\BaseConnection->initialize()
#1 C:\xampp\htdocs\revisi\app\Controllers\Back\Auth.php(50): CodeIgniter\Database\BaseConnection->query('SELECT * from t...')
#2 C:\xampp\htdocs\revisi\system\CodeIgniter.php(832): App\Controllers\back\Auth->cekuser()
#3 C:\xampp\htdocs\revisi\system\CodeIgniter.php(419): CodeIgniter\CodeIgniter->runController(Object(App\Controllers\back\Auth))
#4 C:\xampp\htdocs\revisi\system\CodeIgniter.php(326): CodeIgniter\CodeIgniter->handleRequest(NULL, Object(Config\Cache), false)
#5 C:\xampp\htdocs\revisi\public\index.php(37): CodeIgniter\CodeIgniter->run()
#6 C:\xampp\htdocs\revisi\system\Commands\Server\rewrite.php(43): require_once('C:\\xampp\\htdocs...')
#7 {main}
ERROR - 2023-05-15 10:18:19 --> Cannot add or update a child row: a foreign key constraint fails (`revisi`.`tbl_rekam_medis`, CONSTRAINT `tbl_rekam_medis_ibfk_3` FOREIGN KEY (`layanan`) REFERENCES `tbl_layanan` (`id_layanan`) ON DELETE CASCADE ON UPDATE CASCADE)
CRITICAL - 2023-05-15 10:18:19 --> Cannot add or update a child row: a foreign key constraint fails (`revisi`.`tbl_rekam_medis`, CONSTRAINT `tbl_rekam_medis_ibfk_3` FOREIGN KEY (`layanan`) REFERENCES `tbl_layanan` (`id_layanan`) ON DELETE CASCADE ON UPDATE CASCADE)
#0 C:\xampp\htdocs\revisi\system\Database\MySQLi\Connection.php(292): mysqli->query('INSERT INTO `tb...', 0)
#1 C:\xampp\htdocs\revisi\system\Database\BaseConnection.php(670): CodeIgniter\Database\MySQLi\Connection->execute('INSERT INTO `tb...')
#2 C:\xampp\htdocs\revisi\system\Database\BaseConnection.php(598): CodeIgniter\Database\BaseConnection->simpleQuery('INSERT INTO `tb...')
#3 C:\xampp\htdocs\revisi\system\Database\BaseBuilder.php(1771): CodeIgniter\Database\BaseConnection->query('INSERT INTO `tb...', Array, false)
#4 C:\xampp\htdocs\revisi\system\Model.php(239): CodeIgniter\Database\BaseBuilder->insert()
#5 C:\xampp\htdocs\revisi\system\BaseModel.php(738): CodeIgniter\Model->doInsert(Array)
#6 C:\xampp\htdocs\revisi\system\Model.php(625): CodeIgniter\BaseModel->insert(Array, true)
#7 C:\xampp\htdocs\revisi\app\Controllers\Back\Rm.php(201): CodeIgniter\Model->insert(Array)
#8 C:\xampp\htdocs\revisi\system\CodeIgniter.php(832): App\Controllers\back\Rm->simpandata()
#9 C:\xampp\htdocs\revisi\system\CodeIgniter.php(419): CodeIgniter\CodeIgniter->runController(Object(App\Controllers\back\Rm))
#10 C:\xampp\htdocs\revisi\system\CodeIgniter.php(326): CodeIgniter\CodeIgniter->handleRequest(NULL, Object(Config\Cache), false)
#11 C:\xampp\htdocs\revisi\public\index.php(37): CodeIgniter\CodeIgniter->run()
#12 C:\xampp\htdocs\revisi\system\Commands\Server\rewrite.php(43): require_once('C:\\xampp\\htdocs...')
#13 {main}
ERROR - 2023-05-15 10:18:41 --> Cannot add or update a child row: a foreign key constraint fails (`revisi`.`tbl_rekam_medis`, CONSTRAINT `tbl_rekam_medis_ibfk_3` FOREIGN KEY (`layanan`) REFERENCES `tbl_layanan` (`id_layanan`) ON DELETE CASCADE ON UPDATE CASCADE)
CRITICAL - 2023-05-15 10:18:41 --> Cannot add or update a child row: a foreign key constraint fails (`revisi`.`tbl_rekam_medis`, CONSTRAINT `tbl_rekam_medis_ibfk_3` FOREIGN KEY (`layanan`) REFERENCES `tbl_layanan` (`id_layanan`) ON DELETE CASCADE ON UPDATE CASCADE)
#0 C:\xampp\htdocs\revisi\system\Database\MySQLi\Connection.php(292): mysqli->query('INSERT INTO `tb...', 0)
#1 C:\xampp\htdocs\revisi\system\Database\BaseConnection.php(670): CodeIgniter\Database\MySQLi\Connection->execute('INSERT INTO `tb...')
#2 C:\xampp\htdocs\revisi\system\Database\BaseConnection.php(598): CodeIgniter\Database\BaseConnection->simpleQuery('INSERT INTO `tb...')
#3 C:\xampp\htdocs\revisi\system\Database\BaseBuilder.php(1771): CodeIgniter\Database\BaseConnection->query('INSERT INTO `tb...', Array, false)
#4 C:\xampp\htdocs\revisi\system\Model.php(239): CodeIgniter\Database\BaseBuilder->insert()
#5 C:\xampp\htdocs\revisi\system\BaseModel.php(738): CodeIgniter\Model->doInsert(Array)
#6 C:\xampp\htdocs\revisi\system\Model.php(625): CodeIgniter\BaseModel->insert(Array, true)
#7 C:\xampp\htdocs\revisi\app\Controllers\Back\Rm.php(201): CodeIgniter\Model->insert(Array)
#8 C:\xampp\htdocs\revisi\system\CodeIgniter.php(832): App\Controllers\back\Rm->simpandata()
#9 C:\xampp\htdocs\revisi\system\CodeIgniter.php(419): CodeIgniter\CodeIgniter->runController(Object(App\Controllers\back\Rm))
#10 C:\xampp\htdocs\revisi\system\CodeIgniter.php(326): CodeIgniter\CodeIgniter->handleRequest(NULL, Object(Config\Cache), false)
#11 C:\xampp\htdocs\revisi\public\index.php(37): CodeIgniter\CodeIgniter->run()
#12 C:\xampp\htdocs\revisi\system\Commands\Server\rewrite.php(43): require_once('C:\\xampp\\htdocs...')
#13 {main}
ERROR - 2023-05-15 10:18:53 --> Cannot add or update a child row: a foreign key constraint fails (`revisi`.`tbl_rekam_medis`, CONSTRAINT `tbl_rekam_medis_ibfk_3` FOREIGN KEY (`layanan`) REFERENCES `tbl_layanan` (`id_layanan`) ON DELETE CASCADE ON UPDATE CASCADE)
CRITICAL - 2023-05-15 10:18:53 --> Cannot add or update a child row: a foreign key constraint fails (`revisi`.`tbl_rekam_medis`, CONSTRAINT `tbl_rekam_medis_ibfk_3` FOREIGN KEY (`layanan`) REFERENCES `tbl_layanan` (`id_layanan`) ON DELETE CASCADE ON UPDATE CASCADE)
#0 C:\xampp\htdocs\revisi\system\Database\MySQLi\Connection.php(292): mysqli->query('INSERT INTO `tb...', 0)
#1 C:\xampp\htdocs\revisi\system\Database\BaseConnection.php(670): CodeIgniter\Database\MySQLi\Connection->execute('INSERT INTO `tb...')
#2 C:\xampp\htdocs\revisi\system\Database\BaseConnection.php(598): CodeIgniter\Database\BaseConnection->simpleQuery('INSERT INTO `tb...')
#3 C:\xampp\htdocs\revisi\system\Database\BaseBuilder.php(1771): CodeIgniter\Database\BaseConnection->query('INSERT INTO `tb...', Array, false)
#4 C:\xampp\htdocs\revisi\system\Model.php(239): CodeIgniter\Database\BaseBuilder->insert()
#5 C:\xampp\htdocs\revisi\system\BaseModel.php(738): CodeIgniter\Model->doInsert(Array)
#6 C:\xampp\htdocs\revisi\system\Model.php(625): CodeIgniter\BaseModel->insert(Array, true)
#7 C:\xampp\htdocs\revisi\app\Controllers\Back\Rm.php(201): CodeIgniter\Model->insert(Array)
#8 C:\xampp\htdocs\revisi\system\CodeIgniter.php(832): App\Controllers\back\Rm->simpandata()
#9 C:\xampp\htdocs\revisi\system\CodeIgniter.php(419): CodeIgniter\CodeIgniter->runController(Object(App\Controllers\back\Rm))
#10 C:\xampp\htdocs\revisi\system\CodeIgniter.php(326): CodeIgniter\CodeIgniter->handleRequest(NULL, Object(Config\Cache), false)
#11 C:\xampp\htdocs\revisi\public\index.php(37): CodeIgniter\CodeIgniter->run()
#12 C:\xampp\htdocs\revisi\system\Commands\Server\rewrite.php(43): require_once('C:\\xampp\\htdocs...')
#13 {main}
ERROR - 2023-05-15 10:19:10 --> Cannot add or update a child row: a foreign key constraint fails (`revisi`.`tbl_rekam_medis`, CONSTRAINT `tbl_rekam_medis_ibfk_3` FOREIGN KEY (`layanan`) REFERENCES `tbl_layanan` (`id_layanan`) ON DELETE CASCADE ON UPDATE CASCADE)
CRITICAL - 2023-05-15 10:19:10 --> Cannot add or update a child row: a foreign key constraint fails (`revisi`.`tbl_rekam_medis`, CONSTRAINT `tbl_rekam_medis_ibfk_3` FOREIGN KEY (`layanan`) REFERENCES `tbl_layanan` (`id_layanan`) ON DELETE CASCADE ON UPDATE CASCADE)
#0 C:\xampp\htdocs\revisi\system\Database\MySQLi\Connection.php(292): mysqli->query('INSERT INTO `tb...', 0)
#1 C:\xampp\htdocs\revisi\system\Database\BaseConnection.php(670): CodeIgniter\Database\MySQLi\Connection->execute('INSERT INTO `tb...')
#2 C:\xampp\htdocs\revisi\system\Database\BaseConnection.php(598): CodeIgniter\Database\BaseConnection->simpleQuery('INSERT INTO `tb...')
#3 C:\xampp\htdocs\revisi\system\Database\BaseBuilder.php(1771): CodeIgniter\Database\BaseConnection->query('INSERT INTO `tb...', Array, false)
#4 C:\xampp\htdocs\revisi\system\Model.php(239): CodeIgniter\Database\BaseBuilder->insert()
#5 C:\xampp\htdocs\revisi\system\BaseModel.php(738): CodeIgniter\Model->doInsert(Array)
#6 C:\xampp\htdocs\revisi\system\Model.php(625): CodeIgniter\BaseModel->insert(Array, true)
#7 C:\xampp\htdocs\revisi\app\Controllers\Back\Rm.php(201): CodeIgniter\Model->insert(Array)
#8 C:\xampp\htdocs\revisi\system\CodeIgniter.php(832): App\Controllers\back\Rm->simpandata()
#9 C:\xampp\htdocs\revisi\system\CodeIgniter.php(419): CodeIgniter\CodeIgniter->runController(Object(App\Controllers\back\Rm))
#10 C:\xampp\htdocs\revisi\system\CodeIgniter.php(326): CodeIgniter\CodeIgniter->handleRequest(NULL, Object(Config\Cache), false)
#11 C:\xampp\htdocs\revisi\public\index.php(37): CodeIgniter\CodeIgniter->run()
#12 C:\xampp\htdocs\revisi\system\Commands\Server\rewrite.php(43): require_once('C:\\xampp\\htdocs...')
#13 {main}
CRITICAL - 2023-05-15 10:20:40 --> Undefined property: App\Controllers\back\Rm::$Kunjungan
#0 C:\xampp\htdocs\revisi\app\Controllers\Back\Rm.php(207): CodeIgniter\Debug\Exceptions->errorHandler(2, 'Undefined prope...', 'C:\\xampp\\htdocs...', 207)
#1 C:\xampp\htdocs\revisi\system\CodeIgniter.php(832): App\Controllers\back\Rm->simpandata()
#2 C:\xampp\htdocs\revisi\system\CodeIgniter.php(419): CodeIgniter\CodeIgniter->runController(Object(App\Controllers\back\Rm))
#3 C:\xampp\htdocs\revisi\system\CodeIgniter.php(326): CodeIgniter\CodeIgniter->handleRequest(NULL, Object(Config\Cache), false)
#4 C:\xampp\htdocs\revisi\public\index.php(37): CodeIgniter\CodeIgniter->run()
#5 C:\xampp\htdocs\revisi\system\Commands\Server\rewrite.php(43): require_once('C:\\xampp\\htdocs...')
#6 {main}
